2022-10-25 00:26:20,174 INFO    StreamThr :2716 [internal.py:wandb_internal():88] W&B internal server running at pid: 2716, started at: 2022-10-25 00:26:20.173389
2022-10-25 00:26:20,176 DEBUG   HandlerThread:2716 [handler.py:handle_request():138] handle_request: status
2022-10-25 00:26:20,181 DEBUG   SenderThread:2716 [sender.py:send_request():317] send_request: status
2022-10-25 00:26:20,187 DEBUG   SenderThread:2716 [sender.py:send():303] send: header
2022-10-25 00:26:20,187 INFO    WriterThread:2716 [datastore.py:open_for_write():75] open: C:\Users\David\Documents\AI-Assignment 2\wandb\run-20221025_002620-gxq69keu\run-gxq69keu.wandb
2022-10-25 00:26:20,246 DEBUG   SenderThread:2716 [sender.py:send():303] send: run
2022-10-25 00:26:21,097 INFO    SenderThread:2716 [dir_watcher.py:__init__():216] watching files in: C:\Users\David\Documents\AI-Assignment 2\wandb\run-20221025_002620-gxq69keu\files
2022-10-25 00:26:21,097 INFO    SenderThread:2716 [sender.py:_start_run_threads():928] run started: gxq69keu with start time 1666650380.176389
2022-10-25 00:26:21,097 DEBUG   SenderThread:2716 [sender.py:send():303] send: summary
2022-10-25 00:26:21,098 INFO    SenderThread:2716 [sender.py:_save_file():1171] saving file wandb-summary.json with policy end
2022-10-25 00:26:21,102 DEBUG   HandlerThread:2716 [handler.py:handle_request():138] handle_request: check_version
2022-10-25 00:26:21,103 DEBUG   SenderThread:2716 [sender.py:send_request():317] send_request: check_version
2022-10-25 00:26:21,198 DEBUG   HandlerThread:2716 [handler.py:handle_request():138] handle_request: run_start
2022-10-25 00:26:21,508 DEBUG   HandlerThread:2716 [meta.py:__init__():34] meta init
2022-10-25 00:26:21,508 DEBUG   HandlerThread:2716 [meta.py:__init__():49] meta init done
2022-10-25 00:26:21,509 DEBUG   HandlerThread:2716 [meta.py:probe():215] probe
2022-10-25 00:26:21,540 DEBUG   HandlerThread:2716 [meta.py:_setup_git():205] setup git
2022-10-25 00:26:21,681 DEBUG   HandlerThread:2716 [meta.py:_setup_git():212] setup git done
2022-10-25 00:26:21,681 DEBUG   HandlerThread:2716 [meta.py:_save_pip():53] save pip
2022-10-25 00:26:21,683 DEBUG   HandlerThread:2716 [meta.py:_save_pip():67] save pip done
2022-10-25 00:26:21,683 DEBUG   HandlerThread:2716 [meta.py:probe():253] probe done
2022-10-25 00:26:21,883 DEBUG   SenderThread:2716 [sender.py:send():303] send: files
2022-10-25 00:26:21,883 INFO    SenderThread:2716 [sender.py:_save_file():1171] saving file wandb-metadata.json with policy now
2022-10-25 00:26:21,883 DEBUG   HandlerThread:2716 [handler.py:handle_request():138] handle_request: stop_status
2022-10-25 00:26:21,884 DEBUG   SenderThread:2716 [sender.py:send_request():317] send_request: stop_status
2022-10-25 00:26:22,104 INFO    Thread-17 :2716 [dir_watcher.py:_on_file_created():275] file/dir created: C:\Users\David\Documents\AI-Assignment 2\wandb\run-20221025_002620-gxq69keu\files\wandb-summary.json
2022-10-25 00:26:22,105 INFO    Thread-17 :2716 [dir_watcher.py:_on_file_created():275] file/dir created: C:\Users\David\Documents\AI-Assignment 2\wandb\run-20221025_002620-gxq69keu\files\wandb-metadata.json
2022-10-25 00:26:22,105 INFO    Thread-17 :2716 [dir_watcher.py:_on_file_created():275] file/dir created: C:\Users\David\Documents\AI-Assignment 2\wandb\run-20221025_002620-gxq69keu\files\requirements.txt
2022-10-25 00:26:22,268 DEBUG   SenderThread:2716 [sender.py:send():303] send: telemetry
2022-10-25 00:26:23,075 INFO    Thread-23 :2716 [upload_job.py:push():143] Uploaded file C:\Users\David\AppData\Local\Temp\tmp37h4kl03wandb\agqvkalw-wandb-metadata.json
2022-10-25 00:26:37,285 DEBUG   HandlerThread:2716 [handler.py:handle_request():138] handle_request: stop_status
2022-10-25 00:26:37,286 DEBUG   SenderThread:2716 [sender.py:send_request():317] send_request: stop_status
2022-10-25 00:26:42,252 INFO    Thread-17 :2716 [dir_watcher.py:_on_file_created():275] file/dir created: C:\Users\David\Documents\AI-Assignment 2\wandb\run-20221025_002620-gxq69keu\files\output.log
2022-10-25 00:26:43,440 DEBUG   SenderThread:2716 [sender.py:send():303] send: telemetry
2022-10-25 00:26:43,441 DEBUG   SenderThread:2716 [sender.py:send():303] send: telemetry
2022-10-25 00:26:43,442 DEBUG   SenderThread:2716 [sender.py:send():303] send: files
2022-10-25 00:26:43,442 INFO    SenderThread:2716 [sender.py:_save_file():1171] saving file model-best.h5 with policy live
2022-10-25 00:26:43,444 DEBUG   SenderThread:2716 [sender.py:send():303] send: telemetry
2022-10-25 00:26:43,445 DEBUG   HandlerThread:2716 [handler.py:handle_request():138] handle_request: get_summary
2022-10-25 00:26:44,262 INFO    Thread-17 :2716 [dir_watcher.py:_on_file_modified():292] file/dir modified: C:\Users\David\Documents\AI-Assignment 2\wandb\run-20221025_002620-gxq69keu\files\output.log
2022-10-25 00:26:44,834 DEBUG   SenderThread:2716 [sender.py:send():303] send: files
2022-10-25 00:26:44,835 INFO    SenderThread:2716 [sender.py:_save_file():1171] saving file media\graph\graph_summary_448a56bbf1192b30b4a2.graph.json with policy now
2022-10-25 00:26:44,837 DEBUG   SenderThread:2716 [sender.py:send():303] send: summary
2022-10-25 00:26:44,840 INFO    SenderThread:2716 [sender.py:_save_file():1171] saving file wandb-summary.json with policy end
2022-10-25 00:26:45,288 INFO    Thread-17 :2716 [dir_watcher.py:_on_file_modified():292] file/dir modified: C:\Users\David\Documents\AI-Assignment 2\wandb\run-20221025_002620-gxq69keu\files\wandb-summary.json
2022-10-25 00:26:45,289 INFO    Thread-17 :2716 [dir_watcher.py:_on_file_created():275] file/dir created: C:\Users\David\Documents\AI-Assignment 2\wandb\run-20221025_002620-gxq69keu\files\media\graph\graph_summary_448a56bbf1192b30b4a2.graph.json
2022-10-25 00:26:45,290 INFO    Thread-17 :2716 [dir_watcher.py:_on_file_created():275] file/dir created: C:\Users\David\Documents\AI-Assignment 2\wandb\run-20221025_002620-gxq69keu\files\media
2022-10-25 00:26:45,295 INFO    Thread-17 :2716 [dir_watcher.py:_on_file_created():275] file/dir created: C:\Users\David\Documents\AI-Assignment 2\wandb\run-20221025_002620-gxq69keu\files\media\graph
2022-10-25 00:26:46,171 INFO    Thread-24 :2716 [upload_job.py:push():143] Uploaded file C:\Users\David\AppData\Local\Temp\tmp37h4kl03wandb\209ljop3-media/graph/graph_summary_448a56bbf1192b30b4a2.graph.json
2022-10-25 00:26:46,321 INFO    Thread-17 :2716 [dir_watcher.py:_on_file_modified():292] file/dir modified: C:\Users\David\Documents\AI-Assignment 2\wandb\run-20221025_002620-gxq69keu\files\output.log
2022-10-25 00:26:48,378 INFO    Thread-17 :2716 [dir_watcher.py:_on_file_modified():292] file/dir modified: C:\Users\David\Documents\AI-Assignment 2\wandb\run-20221025_002620-gxq69keu\files\output.log
2022-10-25 00:26:50,420 INFO    Thread-17 :2716 [dir_watcher.py:_on_file_modified():292] file/dir modified: C:\Users\David\Documents\AI-Assignment 2\wandb\run-20221025_002620-gxq69keu\files\output.log
2022-10-25 00:26:51,452 INFO    Thread-17 :2716 [dir_watcher.py:_on_file_modified():292] file/dir modified: C:\Users\David\Documents\AI-Assignment 2\wandb\run-20221025_002620-gxq69keu\files\config.yaml
2022-10-25 00:26:52,465 INFO    Thread-17 :2716 [dir_watcher.py:_on_file_modified():292] file/dir modified: C:\Users\David\Documents\AI-Assignment 2\wandb\run-20221025_002620-gxq69keu\files\output.log
2022-10-25 00:26:52,682 DEBUG   HandlerThread:2716 [handler.py:handle_request():138] handle_request: stop_status
2022-10-25 00:26:52,682 DEBUG   SenderThread:2716 [sender.py:send_request():317] send_request: stop_status
2022-10-25 00:26:53,193 DEBUG   SenderThread:2716 [sender.py:send():303] send: stats
2022-10-25 00:26:54,516 INFO    Thread-17 :2716 [dir_watcher.py:_on_file_modified():292] file/dir modified: C:\Users\David\Documents\AI-Assignment 2\wandb\run-20221025_002620-gxq69keu\files\output.log
2022-10-25 00:26:55,523 INFO    Thread-17 :2716 [dir_watcher.py:_on_file_modified():292] file/dir modified: C:\Users\David\Documents\AI-Assignment 2\wandb\run-20221025_002620-gxq69keu\files\output.log
2022-10-25 00:26:57,558 INFO    Thread-17 :2716 [dir_watcher.py:_on_file_modified():292] file/dir modified: C:\Users\David\Documents\AI-Assignment 2\wandb\run-20221025_002620-gxq69keu\files\output.log
2022-10-25 00:26:59,592 INFO    Thread-17 :2716 [dir_watcher.py:_on_file_modified():292] file/dir modified: C:\Users\David\Documents\AI-Assignment 2\wandb\run-20221025_002620-gxq69keu\files\output.log
2022-10-25 00:27:01,636 INFO    Thread-17 :2716 [dir_watcher.py:_on_file_modified():292] file/dir modified: C:\Users\David\Documents\AI-Assignment 2\wandb\run-20221025_002620-gxq69keu\files\output.log
2022-10-25 00:27:03,661 INFO    Thread-17 :2716 [dir_watcher.py:_on_file_modified():292] file/dir modified: C:\Users\David\Documents\AI-Assignment 2\wandb\run-20221025_002620-gxq69keu\files\output.log
2022-10-25 00:27:05,715 INFO    Thread-17 :2716 [dir_watcher.py:_on_file_modified():292] file/dir modified: C:\Users\David\Documents\AI-Assignment 2\wandb\run-20221025_002620-gxq69keu\files\output.log
2022-10-25 00:27:07,757 INFO    Thread-17 :2716 [dir_watcher.py:_on_file_modified():292] file/dir modified: C:\Users\David\Documents\AI-Assignment 2\wandb\run-20221025_002620-gxq69keu\files\output.log
2022-10-25 00:27:08,108 DEBUG   HandlerThread:2716 [handler.py:handle_request():138] handle_request: stop_status
2022-10-25 00:27:08,108 DEBUG   SenderThread:2716 [sender.py:send_request():317] send_request: stop_status
2022-10-25 00:27:09,813 INFO    Thread-17 :2716 [dir_watcher.py:_on_file_modified():292] file/dir modified: C:\Users\David\Documents\AI-Assignment 2\wandb\run-20221025_002620-gxq69keu\files\output.log
2022-10-25 00:27:11,881 INFO    Thread-17 :2716 [dir_watcher.py:_on_file_modified():292] file/dir modified: C:\Users\David\Documents\AI-Assignment 2\wandb\run-20221025_002620-gxq69keu\files\output.log
2022-10-25 00:27:13,975 INFO    Thread-17 :2716 [dir_watcher.py:_on_file_modified():292] file/dir modified: C:\Users\David\Documents\AI-Assignment 2\wandb\run-20221025_002620-gxq69keu\files\output.log
2022-10-25 00:27:16,018 INFO    Thread-17 :2716 [dir_watcher.py:_on_file_modified():292] file/dir modified: C:\Users\David\Documents\AI-Assignment 2\wandb\run-20221025_002620-gxq69keu\files\output.log
2022-10-25 00:27:18,052 INFO    Thread-17 :2716 [dir_watcher.py:_on_file_modified():292] file/dir modified: C:\Users\David\Documents\AI-Assignment 2\wandb\run-20221025_002620-gxq69keu\files\output.log
2022-10-25 00:27:20,098 INFO    Thread-17 :2716 [dir_watcher.py:_on_file_modified():292] file/dir modified: C:\Users\David\Documents\AI-Assignment 2\wandb\run-20221025_002620-gxq69keu\files\output.log
2022-10-25 00:27:22,146 INFO    Thread-17 :2716 [dir_watcher.py:_on_file_modified():292] file/dir modified: C:\Users\David\Documents\AI-Assignment 2\wandb\run-20221025_002620-gxq69keu\files\output.log
2022-10-25 00:27:23,515 DEBUG   HandlerThread:2716 [handler.py:handle_request():138] handle_request: stop_status
2022-10-25 00:27:23,516 DEBUG   SenderThread:2716 [sender.py:send_request():317] send_request: stop_status
2022-10-25 00:27:25,359 DEBUG   HandlerThread:2716 [handler.py:handle_request():138] handle_request: partial_history
2022-10-25 00:27:25,360 DEBUG   HandlerThread:2716 [handler.py:handle_request():138] handle_request: partial_history
2022-10-25 00:27:25,361 DEBUG   SenderThread:2716 [sender.py:send():303] send: history
2022-10-25 00:27:25,362 DEBUG   SenderThread:2716 [sender.py:send():303] send: summary
2022-10-25 00:27:25,363 INFO    SenderThread:2716 [sender.py:_save_file():1171] saving file wandb-summary.json with policy end
2022-10-25 00:27:25,364 DEBUG   SenderThread:2716 [sender.py:send():303] send: summary
2022-10-25 00:27:25,365 INFO    SenderThread:2716 [sender.py:_save_file():1171] saving file wandb-summary.json with policy end
2022-10-25 00:27:25,365 DEBUG   SenderThread:2716 [sender.py:send():303] send: summary
2022-10-25 00:27:25,366 INFO    SenderThread:2716 [sender.py:_save_file():1171] saving file wandb-summary.json with policy end
2022-10-25 00:27:26,232 INFO    Thread-17 :2716 [dir_watcher.py:_on_file_modified():292] file/dir modified: C:\Users\David\Documents\AI-Assignment 2\wandb\run-20221025_002620-gxq69keu\files\wandb-summary.json
2022-10-25 00:27:26,232 INFO    Thread-17 :2716 [dir_watcher.py:_on_file_created():275] file/dir created: C:\Users\David\Documents\AI-Assignment 2\wandb\run-20221025_002620-gxq69keu\files\model-best.h5
2022-10-25 00:27:27,646 DEBUG   SenderThread:2716 [sender.py:send():303] send: stats
2022-10-25 00:27:28,130 DEBUG   HandlerThread:2716 [handler.py:handle_request():138] handle_request: log_artifact
2022-10-25 00:27:28,131 DEBUG   SenderThread:2716 [sender.py:send_request():317] send_request: log_artifact
2022-10-25 00:27:28,264 INFO    Thread-17 :2716 [dir_watcher.py:_on_file_modified():292] file/dir modified: C:\Users\David\Documents\AI-Assignment 2\wandb\run-20221025_002620-gxq69keu\files\output.log
2022-10-25 00:27:30,306 INFO    Thread-17 :2716 [dir_watcher.py:_on_file_modified():292] file/dir modified: C:\Users\David\Documents\AI-Assignment 2\wandb\run-20221025_002620-gxq69keu\files\output.log
2022-10-25 00:27:33,216 INFO    Thread-25 :2716 [upload_job.py:push():143] Uploaded file C:\Users\David\AppData\Local\Temp\tmp37h4kl03wandb\3rplzoh2-model-best.h5
2022-10-25 00:27:33,927 INFO    Thread-30 :2716 [upload_job.py:push():101] Uploaded file C:\Users\David\.cache\wandb\artifacts\obj\md5\75\351001f0ccb099a222f89e7f2b0b51
2022-10-25 00:27:34,047 INFO    Thread-27 :2716 [upload_job.py:push():101] Uploaded file C:\Users\David\.cache\wandb\artifacts\obj\md5\fd\3562904aff3a88007ec6207c83c33d
2022-10-25 00:27:34,582 INFO    Thread-28 :2716 [upload_job.py:push():101] Uploaded file C:\Users\David\.cache\wandb\artifacts\obj\md5\70\35cbe23ef1a0f51b38d1ae9a7ae049
2022-10-25 00:27:38,926 DEBUG   HandlerThread:2716 [handler.py:handle_request():138] handle_request: stop_status
2022-10-25 00:27:39,321 INFO    Thread-29 :2716 [upload_job.py:push():101] Uploaded file C:\Users\David\.cache\wandb\artifacts\obj\md5\c9\78db320373eb9752692170eecd26ad
2022-10-25 00:27:41,080 INFO    SenderThread:2716 [sender.py:send_request_log_artifact():1222] logged artifact model-feasible-sweep-28 - {'id': 'QXJ0aWZhY3Q6MjU1Nzg2NzM0', 'digest': 'edcb4a212b0ed5e692a591b5234f4e38', 'state': 'PENDING', 'aliases': [], 'artifactSequence': {'id': 'QXJ0aWZhY3RDb2xsZWN0aW9uOjQwNjQ0ODkx', 'latestArtifact': None}, 'version': 'latest'}
2022-10-25 00:27:41,085 DEBUG   SenderThread:2716 [sender.py:send_request():317] send_request: stop_status
2022-10-25 00:27:42,548 INFO    Thread-17 :2716 [dir_watcher.py:_on_file_modified():292] file/dir modified: C:\Users\David\Documents\AI-Assignment 2\wandb\run-20221025_002620-gxq69keu\files\output.log
2022-10-25 00:27:44,594 INFO    Thread-17 :2716 [dir_watcher.py:_on_file_modified():292] file/dir modified: C:\Users\David\Documents\AI-Assignment 2\wandb\run-20221025_002620-gxq69keu\files\output.log
2022-10-25 00:27:46,633 INFO    Thread-17 :2716 [dir_watcher.py:_on_file_modified():292] file/dir modified: C:\Users\David\Documents\AI-Assignment 2\wandb\run-20221025_002620-gxq69keu\files\output.log
2022-10-25 00:27:48,665 INFO    Thread-17 :2716 [dir_watcher.py:_on_file_modified():292] file/dir modified: C:\Users\David\Documents\AI-Assignment 2\wandb\run-20221025_002620-gxq69keu\files\output.log
2022-10-25 00:27:50,753 INFO    Thread-17 :2716 [dir_watcher.py:_on_file_modified():292] file/dir modified: C:\Users\David\Documents\AI-Assignment 2\wandb\run-20221025_002620-gxq69keu\files\output.log
2022-10-25 00:27:52,807 INFO    Thread-17 :2716 [dir_watcher.py:_on_file_modified():292] file/dir modified: C:\Users\David\Documents\AI-Assignment 2\wandb\run-20221025_002620-gxq69keu\files\output.log
2022-10-25 00:27:54,849 INFO    Thread-17 :2716 [dir_watcher.py:_on_file_modified():292] file/dir modified: C:\Users\David\Documents\AI-Assignment 2\wandb\run-20221025_002620-gxq69keu\files\output.log
2022-10-25 00:27:56,544 DEBUG   HandlerThread:2716 [handler.py:handle_request():138] handle_request: stop_status
2022-10-25 00:27:56,545 DEBUG   SenderThread:2716 [sender.py:send_request():317] send_request: stop_status
2022-10-25 00:27:56,894 INFO    Thread-17 :2716 [dir_watcher.py:_on_file_modified():292] file/dir modified: C:\Users\David\Documents\AI-Assignment 2\wandb\run-20221025_002620-gxq69keu\files\output.log
2022-10-25 00:27:58,916 INFO    Thread-17 :2716 [dir_watcher.py:_on_file_modified():292] file/dir modified: C:\Users\David\Documents\AI-Assignment 2\wandb\run-20221025_002620-gxq69keu\files\output.log
2022-10-25 00:28:00,945 INFO    Thread-17 :2716 [dir_watcher.py:_on_file_modified():292] file/dir modified: C:\Users\David\Documents\AI-Assignment 2\wandb\run-20221025_002620-gxq69keu\files\output.log
2022-10-25 00:28:02,276 DEBUG   SenderThread:2716 [sender.py:send():303] send: stats
2022-10-25 00:28:03,003 INFO    Thread-17 :2716 [dir_watcher.py:_on_file_modified():292] file/dir modified: C:\Users\David\Documents\AI-Assignment 2\wandb\run-20221025_002620-gxq69keu\files\output.log
2022-10-25 00:28:05,021 INFO    Thread-17 :2716 [dir_watcher.py:_on_file_modified():292] file/dir modified: C:\Users\David\Documents\AI-Assignment 2\wandb\run-20221025_002620-gxq69keu\files\output.log
2022-10-25 00:28:07,052 INFO    Thread-17 :2716 [dir_watcher.py:_on_file_modified():292] file/dir modified: C:\Users\David\Documents\AI-Assignment 2\wandb\run-20221025_002620-gxq69keu\files\output.log
2022-10-25 00:28:09,102 INFO    Thread-17 :2716 [dir_watcher.py:_on_file_modified():292] file/dir modified: C:\Users\David\Documents\AI-Assignment 2\wandb\run-20221025_002620-gxq69keu\files\output.log
2022-10-25 00:28:10,639 DEBUG   HandlerThread:2716 [handler.py:handle_request():138] handle_request: partial_history
2022-10-25 00:28:10,640 DEBUG   HandlerThread:2716 [handler.py:handle_request():138] handle_request: partial_history
2022-10-25 00:28:10,641 DEBUG   SenderThread:2716 [sender.py:send():303] send: history
2022-10-25 00:28:10,641 DEBUG   SenderThread:2716 [sender.py:send():303] send: summary
2022-10-25 00:28:10,643 INFO    SenderThread:2716 [sender.py:_save_file():1171] saving file wandb-summary.json with policy end
2022-10-25 00:28:10,643 DEBUG   SenderThread:2716 [sender.py:send():303] send: summary
2022-10-25 00:28:10,644 INFO    SenderThread:2716 [sender.py:_save_file():1171] saving file wandb-summary.json with policy end
2022-10-25 00:28:10,645 DEBUG   SenderThread:2716 [sender.py:send():303] send: summary
2022-10-25 00:28:10,646 INFO    SenderThread:2716 [sender.py:_save_file():1171] saving file wandb-summary.json with policy end
2022-10-25 00:28:11,110 INFO    Thread-17 :2716 [dir_watcher.py:_on_file_modified():292] file/dir modified: C:\Users\David\Documents\AI-Assignment 2\wandb\run-20221025_002620-gxq69keu\files\model-best.h5
2022-10-25 00:28:11,110 INFO    Thread-17 :2716 [dir_watcher.py:_on_file_modified():292] file/dir modified: C:\Users\David\Documents\AI-Assignment 2\wandb\run-20221025_002620-gxq69keu\files\wandb-summary.json
2022-10-25 00:28:12,992 DEBUG   HandlerThread:2716 [handler.py:handle_request():138] handle_request: stop_status
2022-10-25 00:28:12,993 DEBUG   SenderThread:2716 [sender.py:send_request():317] send_request: stop_status
2022-10-25 00:28:14,146 INFO    Thread-17 :2716 [dir_watcher.py:_on_file_created():275] file/dir created: C:\Users\David\Documents\AI-Assignment 2\wandb\run-20221025_002620-gxq69keu\files\model-best\saved_model.pb
2022-10-25 00:28:14,147 INFO    Thread-17 :2716 [dir_watcher.py:_on_file_created():275] file/dir created: C:\Users\David\Documents\AI-Assignment 2\wandb\run-20221025_002620-gxq69keu\files\model-best\keras_metadata.pb
2022-10-25 00:28:14,147 INFO    Thread-17 :2716 [dir_watcher.py:_on_file_created():275] file/dir created: C:\Users\David\Documents\AI-Assignment 2\wandb\run-20221025_002620-gxq69keu\files\model-best\variables\variables.index
2022-10-25 00:28:14,147 INFO    Thread-17 :2716 [dir_watcher.py:_on_file_created():275] file/dir created: C:\Users\David\Documents\AI-Assignment 2\wandb\run-20221025_002620-gxq69keu\files\model-best\variables\variables.data-00000-of-00001
2022-10-25 00:28:14,148 INFO    Thread-17 :2716 [dir_watcher.py:_on_file_created():275] file/dir created: C:\Users\David\Documents\AI-Assignment 2\wandb\run-20221025_002620-gxq69keu\files\model-best\assets
2022-10-25 00:28:14,148 INFO    Thread-17 :2716 [dir_watcher.py:_on_file_created():275] file/dir created: C:\Users\David\Documents\AI-Assignment 2\wandb\run-20221025_002620-gxq69keu\files\model-best
2022-10-25 00:28:14,148 INFO    Thread-17 :2716 [dir_watcher.py:_on_file_created():275] file/dir created: C:\Users\David\Documents\AI-Assignment 2\wandb\run-20221025_002620-gxq69keu\files\model-best\variables
2022-10-25 00:28:14,346 DEBUG   HandlerThread:2716 [handler.py:handle_request():138] handle_request: log_artifact
2022-10-25 00:28:14,346 DEBUG   SenderThread:2716 [sender.py:send_request():317] send_request: log_artifact
2022-10-25 00:28:16,193 INFO    Thread-32 :2716 [upload_job.py:push():98] Skipped uploading C:\Users\David\.cache\wandb\artifacts\obj\md5\fd\3562904aff3a88007ec6207c83c33d
2022-10-25 00:28:16,216 INFO    Thread-17 :2716 [dir_watcher.py:_on_file_modified():292] file/dir modified: C:\Users\David\Documents\AI-Assignment 2\wandb\run-20221025_002620-gxq69keu\files\output.log
2022-10-25 00:28:16,888 INFO    Thread-35 :2716 [upload_job.py:push():101] Uploaded file C:\Users\David\.cache\wandb\artifacts\obj\md5\c2\5acaaf96c40131f05d9a6171c0189d
2022-10-25 00:28:18,003 INFO    Thread-33 :2716 [upload_job.py:push():101] Uploaded file C:\Users\David\.cache\wandb\artifacts\obj\md5\46\1f4cb3b1d0f13a1b4a902fe77689ee
2022-10-25 00:28:22,773 INFO    Thread-34 :2716 [upload_job.py:push():101] Uploaded file C:\Users\David\.cache\wandb\artifacts\obj\md5\6e\d75a7d7215055eb46eecb2d5051eef
2022-10-25 00:28:24,728 INFO    SenderThread:2716 [sender.py:send_request_log_artifact():1222] logged artifact model-feasible-sweep-28 - {'id': 'QXJ0aWZhY3Q6MjU1Nzg4NDcw', 'digest': '29c70a4cde784261a5646dbccf0c3e40', 'state': 'PENDING', 'aliases': [], 'artifactSequence': {'id': 'QXJ0aWZhY3RDb2xsZWN0aW9uOjQwNjQ0ODkx', 'latestArtifact': {'id': 'QXJ0aWZhY3Q6MjU1Nzg2NzM0', 'versionIndex': 0}}, 'version': 'latest'}
2022-10-25 00:28:26,424 INFO    Thread-17 :2716 [dir_watcher.py:_on_file_modified():292] file/dir modified: C:\Users\David\Documents\AI-Assignment 2\wandb\run-20221025_002620-gxq69keu\files\output.log
2022-10-25 00:28:28,381 DEBUG   HandlerThread:2716 [handler.py:handle_request():138] handle_request: stop_status
2022-10-25 00:28:28,382 DEBUG   SenderThread:2716 [sender.py:send_request():317] send_request: stop_status
2022-10-25 00:28:28,464 INFO    Thread-17 :2716 [dir_watcher.py:_on_file_modified():292] file/dir modified: C:\Users\David\Documents\AI-Assignment 2\wandb\run-20221025_002620-gxq69keu\files\output.log
2022-10-25 00:28:30,485 INFO    Thread-17 :2716 [dir_watcher.py:_on_file_modified():292] file/dir modified: C:\Users\David\Documents\AI-Assignment 2\wandb\run-20221025_002620-gxq69keu\files\output.log
2022-10-25 00:28:32,545 INFO    Thread-17 :2716 [dir_watcher.py:_on_file_modified():292] file/dir modified: C:\Users\David\Documents\AI-Assignment 2\wandb\run-20221025_002620-gxq69keu\files\output.log
2022-10-25 00:28:33,568 INFO    Thread-17 :2716 [dir_watcher.py:_on_file_modified():292] file/dir modified: C:\Users\David\Documents\AI-Assignment 2\wandb\run-20221025_002620-gxq69keu\files\output.log
2022-10-25 00:28:35,611 INFO    Thread-17 :2716 [dir_watcher.py:_on_file_modified():292] file/dir modified: C:\Users\David\Documents\AI-Assignment 2\wandb\run-20221025_002620-gxq69keu\files\output.log
2022-10-25 00:28:37,661 INFO    Thread-17 :2716 [dir_watcher.py:_on_file_modified():292] file/dir modified: C:\Users\David\Documents\AI-Assignment 2\wandb\run-20221025_002620-gxq69keu\files\output.log
2022-10-25 00:28:37,797 DEBUG   SenderThread:2716 [sender.py:send():303] send: stats
2022-10-25 00:28:39,729 INFO    Thread-17 :2716 [dir_watcher.py:_on_file_modified():292] file/dir modified: C:\Users\David\Documents\AI-Assignment 2\wandb\run-20221025_002620-gxq69keu\files\output.log
2022-10-25 00:28:41,772 INFO    Thread-17 :2716 [dir_watcher.py:_on_file_modified():292] file/dir modified: C:\Users\David\Documents\AI-Assignment 2\wandb\run-20221025_002620-gxq69keu\files\output.log
2022-10-25 00:28:43,818 DEBUG   HandlerThread:2716 [handler.py:handle_request():138] handle_request: stop_status
2022-10-25 00:28:43,819 DEBUG   SenderThread:2716 [sender.py:send_request():317] send_request: stop_status
2022-10-25 00:28:43,828 INFO    Thread-17 :2716 [dir_watcher.py:_on_file_modified():292] file/dir modified: C:\Users\David\Documents\AI-Assignment 2\wandb\run-20221025_002620-gxq69keu\files\output.log
2022-10-25 00:28:45,862 INFO    Thread-17 :2716 [dir_watcher.py:_on_file_modified():292] file/dir modified: C:\Users\David\Documents\AI-Assignment 2\wandb\run-20221025_002620-gxq69keu\files\output.log
2022-10-25 00:28:47,887 INFO    Thread-17 :2716 [dir_watcher.py:_on_file_modified():292] file/dir modified: C:\Users\David\Documents\AI-Assignment 2\wandb\run-20221025_002620-gxq69keu\files\output.log
2022-10-25 00:28:49,937 INFO    Thread-17 :2716 [dir_watcher.py:_on_file_modified():292] file/dir modified: C:\Users\David\Documents\AI-Assignment 2\wandb\run-20221025_002620-gxq69keu\files\output.log
2022-10-25 00:28:51,983 INFO    Thread-17 :2716 [dir_watcher.py:_on_file_modified():292] file/dir modified: C:\Users\David\Documents\AI-Assignment 2\wandb\run-20221025_002620-gxq69keu\files\output.log
2022-10-25 00:28:54,018 INFO    Thread-17 :2716 [dir_watcher.py:_on_file_modified():292] file/dir modified: C:\Users\David\Documents\AI-Assignment 2\wandb\run-20221025_002620-gxq69keu\files\output.log
2022-10-25 00:28:56,128 DEBUG   HandlerThread:2716 [handler.py:handle_request():138] handle_request: partial_history
2022-10-25 00:28:56,129 DEBUG   HandlerThread:2716 [handler.py:handle_request():138] handle_request: partial_history
2022-10-25 00:28:56,129 DEBUG   SenderThread:2716 [sender.py:send():303] send: history
2022-10-25 00:28:56,130 DEBUG   SenderThread:2716 [sender.py:send():303] send: summary
2022-10-25 00:28:56,133 INFO    SenderThread:2716 [sender.py:_save_file():1171] saving file wandb-summary.json with policy end
2022-10-25 00:28:56,134 DEBUG   SenderThread:2716 [sender.py:send():303] send: summary
2022-10-25 00:28:56,135 INFO    SenderThread:2716 [sender.py:_save_file():1171] saving file wandb-summary.json with policy end
2022-10-25 00:28:56,136 DEBUG   SenderThread:2716 [sender.py:send():303] send: summary
2022-10-25 00:28:56,138 INFO    SenderThread:2716 [sender.py:_save_file():1171] saving file wandb-summary.json with policy end
2022-10-25 00:28:57,047 INFO    Thread-17 :2716 [dir_watcher.py:_on_file_modified():292] file/dir modified: C:\Users\David\Documents\AI-Assignment 2\wandb\run-20221025_002620-gxq69keu\files\model-best.h5
2022-10-25 00:28:57,048 INFO    Thread-17 :2716 [dir_watcher.py:_on_file_modified():292] file/dir modified: C:\Users\David\Documents\AI-Assignment 2\wandb\run-20221025_002620-gxq69keu\files\wandb-summary.json
2022-10-25 00:28:58,054 INFO    Thread-17 :2716 [dir_watcher.py:_on_file_modified():292] file/dir modified: C:\Users\David\Documents\AI-Assignment 2\wandb\run-20221025_002620-gxq69keu\files\output.log
2022-10-25 00:28:58,054 INFO    Thread-17 :2716 [dir_watcher.py:_on_file_created():275] file/dir created: C:\Users\David\Documents\AI-Assignment 2\wandb\run-20221025_002620-gxq69keu\files\model-best\variables\variables.index
2022-10-25 00:28:58,055 INFO    Thread-17 :2716 [dir_watcher.py:_on_file_created():275] file/dir created: C:\Users\David\Documents\AI-Assignment 2\wandb\run-20221025_002620-gxq69keu\files\model-best\variables\variables.data-00000-of-00001
2022-10-25 00:28:58,055 INFO    Thread-17 :2716 [dir_watcher.py:_on_file_created():275] file/dir created: C:\Users\David\Documents\AI-Assignment 2\wandb\run-20221025_002620-gxq69keu\files\model-best\assets
2022-10-25 00:28:58,055 INFO    Thread-17 :2716 [dir_watcher.py:_on_file_created():275] file/dir created: C:\Users\David\Documents\AI-Assignment 2\wandb\run-20221025_002620-gxq69keu\files\model-best
2022-10-25 00:28:58,055 INFO    Thread-17 :2716 [dir_watcher.py:_on_file_created():275] file/dir created: C:\Users\David\Documents\AI-Assignment 2\wandb\run-20221025_002620-gxq69keu\files\model-best\variables
2022-10-25 00:28:59,069 INFO    Thread-17 :2716 [dir_watcher.py:_on_file_created():275] file/dir created: C:\Users\David\Documents\AI-Assignment 2\wandb\run-20221025_002620-gxq69keu\files\model-best\saved_model.pb
2022-10-25 00:28:59,070 INFO    Thread-17 :2716 [dir_watcher.py:_on_file_created():275] file/dir created: C:\Users\David\Documents\AI-Assignment 2\wandb\run-20221025_002620-gxq69keu\files\model-best\keras_metadata.pb
2022-10-25 00:28:59,070 INFO    Thread-17 :2716 [dir_watcher.py:_on_file_modified():292] file/dir modified: C:\Users\David\Documents\AI-Assignment 2\wandb\run-20221025_002620-gxq69keu\files\model-best
2022-10-25 00:28:59,240 DEBUG   HandlerThread:2716 [handler.py:handle_request():138] handle_request: stop_status
2022-10-25 00:28:59,241 DEBUG   SenderThread:2716 [sender.py:send_request():317] send_request: stop_status
2022-10-25 00:29:00,083 INFO    Thread-17 :2716 [dir_watcher.py:_on_file_modified():292] file/dir modified: C:\Users\David\Documents\AI-Assignment 2\wandb\run-20221025_002620-gxq69keu\files\output.log
2022-10-25 00:29:00,248 DEBUG   HandlerThread:2716 [handler.py:handle_request():138] handle_request: log_artifact
2022-10-25 00:29:00,249 DEBUG   SenderThread:2716 [sender.py:send_request():317] send_request: log_artifact
2022-10-25 00:29:02,090 INFO    Thread-37 :2716 [upload_job.py:push():98] Skipped uploading C:\Users\David\.cache\wandb\artifacts\obj\md5\fd\3562904aff3a88007ec6207c83c33d
2022-10-25 00:29:02,160 INFO    Thread-17 :2716 [dir_watcher.py:_on_file_modified():292] file/dir modified: C:\Users\David\Documents\AI-Assignment 2\wandb\run-20221025_002620-gxq69keu\files\output.log
2022-10-25 00:29:02,823 INFO    Thread-40 :2716 [upload_job.py:push():101] Uploaded file C:\Users\David\.cache\wandb\artifacts\obj\md5\be\69875104297c29161a769211b09e7c
2022-10-25 00:29:03,883 INFO    Thread-38 :2716 [upload_job.py:push():101] Uploaded file C:\Users\David\.cache\wandb\artifacts\obj\md5\db\bca071779460a402cffd69a41bde7e
2022-10-25 00:29:08,324 INFO    Thread-39 :2716 [upload_job.py:push():101] Uploaded file C:\Users\David\.cache\wandb\artifacts\obj\md5\be\878b146a11f5cf34030f5c08f3079b
2022-10-25 00:29:10,380 INFO    SenderThread:2716 [sender.py:send_request_log_artifact():1222] logged artifact model-feasible-sweep-28 - {'id': 'QXJ0aWZhY3Q6MjU1NzkwMjc0', 'digest': 'd45309e93ea879be5b7cde21eedcb6bf', 'state': 'PENDING', 'aliases': [], 'artifactSequence': {'id': 'QXJ0aWZhY3RDb2xsZWN0aW9uOjQwNjQ0ODkx', 'latestArtifact': {'id': 'QXJ0aWZhY3Q6MjU1Nzg4NDcw', 'versionIndex': 1}}, 'version': 'latest'}
2022-10-25 00:29:12,341 DEBUG   SenderThread:2716 [sender.py:send():303] send: stats
2022-10-25 00:29:12,409 INFO    Thread-17 :2716 [dir_watcher.py:_on_file_modified():292] file/dir modified: C:\Users\David\Documents\AI-Assignment 2\wandb\run-20221025_002620-gxq69keu\files\output.log
2022-10-25 00:29:14,443 INFO    Thread-17 :2716 [dir_watcher.py:_on_file_modified():292] file/dir modified: C:\Users\David\Documents\AI-Assignment 2\wandb\run-20221025_002620-gxq69keu\files\output.log
2022-10-25 00:29:14,628 DEBUG   HandlerThread:2716 [handler.py:handle_request():138] handle_request: stop_status
2022-10-25 00:29:14,653 DEBUG   SenderThread:2716 [sender.py:send_request():317] send_request: stop_status
2022-10-25 00:29:16,492 INFO    Thread-17 :2716 [dir_watcher.py:_on_file_modified():292] file/dir modified: C:\Users\David\Documents\AI-Assignment 2\wandb\run-20221025_002620-gxq69keu\files\output.log
2022-10-25 00:29:18,565 INFO    Thread-17 :2716 [dir_watcher.py:_on_file_modified():292] file/dir modified: C:\Users\David\Documents\AI-Assignment 2\wandb\run-20221025_002620-gxq69keu\files\output.log
2022-10-25 00:29:20,616 INFO    Thread-17 :2716 [dir_watcher.py:_on_file_modified():292] file/dir modified: C:\Users\David\Documents\AI-Assignment 2\wandb\run-20221025_002620-gxq69keu\files\output.log
2022-10-25 00:29:22,658 INFO    Thread-17 :2716 [dir_watcher.py:_on_file_modified():292] file/dir modified: C:\Users\David\Documents\AI-Assignment 2\wandb\run-20221025_002620-gxq69keu\files\output.log
2022-10-25 00:29:24,698 INFO    Thread-17 :2716 [dir_watcher.py:_on_file_modified():292] file/dir modified: C:\Users\David\Documents\AI-Assignment 2\wandb\run-20221025_002620-gxq69keu\files\output.log
2022-10-25 00:29:26,779 INFO    Thread-17 :2716 [dir_watcher.py:_on_file_modified():292] file/dir modified: C:\Users\David\Documents\AI-Assignment 2\wandb\run-20221025_002620-gxq69keu\files\output.log
2022-10-25 00:29:28,812 INFO    Thread-17 :2716 [dir_watcher.py:_on_file_modified():292] file/dir modified: C:\Users\David\Documents\AI-Assignment 2\wandb\run-20221025_002620-gxq69keu\files\output.log
2022-10-25 00:29:30,054 DEBUG   HandlerThread:2716 [handler.py:handle_request():138] handle_request: stop_status
2022-10-25 00:29:30,055 DEBUG   SenderThread:2716 [sender.py:send_request():317] send_request: stop_status
2022-10-25 00:29:30,845 INFO    Thread-17 :2716 [dir_watcher.py:_on_file_modified():292] file/dir modified: C:\Users\David\Documents\AI-Assignment 2\wandb\run-20221025_002620-gxq69keu\files\output.log
2022-10-25 00:29:32,882 INFO    Thread-17 :2716 [dir_watcher.py:_on_file_modified():292] file/dir modified: C:\Users\David\Documents\AI-Assignment 2\wandb\run-20221025_002620-gxq69keu\files\output.log
2022-10-25 00:29:34,913 INFO    Thread-17 :2716 [dir_watcher.py:_on_file_modified():292] file/dir modified: C:\Users\David\Documents\AI-Assignment 2\wandb\run-20221025_002620-gxq69keu\files\output.log
2022-10-25 00:29:36,949 INFO    Thread-17 :2716 [dir_watcher.py:_on_file_modified():292] file/dir modified: C:\Users\David\Documents\AI-Assignment 2\wandb\run-20221025_002620-gxq69keu\files\output.log
2022-10-25 00:29:38,979 INFO    Thread-17 :2716 [dir_watcher.py:_on_file_modified():292] file/dir modified: C:\Users\David\Documents\AI-Assignment 2\wandb\run-20221025_002620-gxq69keu\files\output.log
2022-10-25 00:29:40,992 INFO    Thread-17 :2716 [dir_watcher.py:_on_file_modified():292] file/dir modified: C:\Users\David\Documents\AI-Assignment 2\wandb\run-20221025_002620-gxq69keu\files\output.log
2022-10-25 00:29:41,956 DEBUG   HandlerThread:2716 [handler.py:handle_request():138] handle_request: partial_history
2022-10-25 00:29:41,957 DEBUG   HandlerThread:2716 [handler.py:handle_request():138] handle_request: partial_history
2022-10-25 00:29:41,957 DEBUG   SenderThread:2716 [sender.py:send():303] send: history
2022-10-25 00:29:41,958 DEBUG   SenderThread:2716 [sender.py:send():303] send: summary
2022-10-25 00:29:41,959 INFO    SenderThread:2716 [sender.py:_save_file():1171] saving file wandb-summary.json with policy end
2022-10-25 00:29:41,960 DEBUG   SenderThread:2716 [sender.py:send():303] send: summary
2022-10-25 00:29:41,961 INFO    SenderThread:2716 [sender.py:_save_file():1171] saving file wandb-summary.json with policy end
2022-10-25 00:29:41,962 DEBUG   SenderThread:2716 [sender.py:send():303] send: summary
2022-10-25 00:29:41,963 INFO    SenderThread:2716 [sender.py:_save_file():1171] saving file wandb-summary.json with policy end
2022-10-25 00:29:42,034 INFO    Thread-17 :2716 [dir_watcher.py:_on_file_modified():292] file/dir modified: C:\Users\David\Documents\AI-Assignment 2\wandb\run-20221025_002620-gxq69keu\files\model-best.h5
2022-10-25 00:29:42,035 INFO    Thread-17 :2716 [dir_watcher.py:_on_file_modified():292] file/dir modified: C:\Users\David\Documents\AI-Assignment 2\wandb\run-20221025_002620-gxq69keu\files\wandb-summary.json
2022-10-25 00:29:43,050 INFO    Thread-17 :2716 [dir_watcher.py:_on_file_modified():292] file/dir modified: C:\Users\David\Documents\AI-Assignment 2\wandb\run-20221025_002620-gxq69keu\files\model-best.h5
2022-10-25 00:29:45,072 INFO    Thread-17 :2716 [dir_watcher.py:_on_file_created():275] file/dir created: C:\Users\David\Documents\AI-Assignment 2\wandb\run-20221025_002620-gxq69keu\files\model-best\saved_model.pb
2022-10-25 00:29:45,072 INFO    Thread-17 :2716 [dir_watcher.py:_on_file_created():275] file/dir created: C:\Users\David\Documents\AI-Assignment 2\wandb\run-20221025_002620-gxq69keu\files\model-best\keras_metadata.pb
2022-10-25 00:29:45,072 INFO    Thread-17 :2716 [dir_watcher.py:_on_file_created():275] file/dir created: C:\Users\David\Documents\AI-Assignment 2\wandb\run-20221025_002620-gxq69keu\files\model-best\variables\variables.index
2022-10-25 00:29:45,073 INFO    Thread-17 :2716 [dir_watcher.py:_on_file_created():275] file/dir created: C:\Users\David\Documents\AI-Assignment 2\wandb\run-20221025_002620-gxq69keu\files\model-best\variables\variables.data-00000-of-00001
2022-10-25 00:29:45,073 INFO    Thread-17 :2716 [dir_watcher.py:_on_file_created():275] file/dir created: C:\Users\David\Documents\AI-Assignment 2\wandb\run-20221025_002620-gxq69keu\files\model-best\assets
2022-10-25 00:29:45,073 INFO    Thread-17 :2716 [dir_watcher.py:_on_file_created():275] file/dir created: C:\Users\David\Documents\AI-Assignment 2\wandb\run-20221025_002620-gxq69keu\files\model-best
2022-10-25 00:29:45,074 INFO    Thread-17 :2716 [dir_watcher.py:_on_file_created():275] file/dir created: C:\Users\David\Documents\AI-Assignment 2\wandb\run-20221025_002620-gxq69keu\files\model-best\variables
2022-10-25 00:29:45,483 DEBUG   HandlerThread:2716 [handler.py:handle_request():138] handle_request: stop_status
2022-10-25 00:29:45,484 DEBUG   SenderThread:2716 [sender.py:send_request():317] send_request: stop_status
2022-10-25 00:29:45,555 DEBUG   HandlerThread:2716 [handler.py:handle_request():138] handle_request: log_artifact
2022-10-25 00:29:45,886 DEBUG   SenderThread:2716 [sender.py:send_request():317] send_request: log_artifact
2022-10-25 00:29:47,110 INFO    Thread-17 :2716 [dir_watcher.py:_on_file_modified():292] file/dir modified: C:\Users\David\Documents\AI-Assignment 2\wandb\run-20221025_002620-gxq69keu\files\output.log
2022-10-25 00:29:47,705 INFO    Thread-42 :2716 [upload_job.py:push():98] Skipped uploading C:\Users\David\.cache\wandb\artifacts\obj\md5\fd\3562904aff3a88007ec6207c83c33d
2022-10-25 00:29:48,397 INFO    Thread-45 :2716 [upload_job.py:push():101] Uploaded file C:\Users\David\.cache\wandb\artifacts\obj\md5\78\31ffba2602ac0b6d43b24604c67dc9
2022-10-25 00:29:49,451 INFO    Thread-43 :2716 [upload_job.py:push():101] Uploaded file C:\Users\David\.cache\wandb\artifacts\obj\md5\09\11bc962b9a2a6864c045941e476d5c
2022-10-25 00:29:54,202 INFO    Thread-44 :2716 [upload_job.py:push():101] Uploaded file C:\Users\David\.cache\wandb\artifacts\obj\md5\70\52239260e558c0391d7b449e468e97
2022-10-25 00:29:56,041 INFO    SenderThread:2716 [sender.py:send_request_log_artifact():1222] logged artifact model-feasible-sweep-28 - {'id': 'QXJ0aWZhY3Q6MjU1NzkyMDUy', 'digest': '59105431888a33d02e8ed6447b66f97d', 'state': 'PENDING', 'aliases': [], 'artifactSequence': {'id': 'QXJ0aWZhY3RDb2xsZWN0aW9uOjQwNjQ0ODkx', 'latestArtifact': {'id': 'QXJ0aWZhY3Q6MjU1NzkwMjc0', 'versionIndex': 2}}, 'version': 'latest'}
2022-10-25 00:29:56,042 DEBUG   SenderThread:2716 [sender.py:send():303] send: stats
2022-10-25 00:29:56,413 INFO    Thread-17 :2716 [dir_watcher.py:_on_file_modified():292] file/dir modified: C:\Users\David\Documents\AI-Assignment 2\wandb\run-20221025_002620-gxq69keu\files\output.log
2022-10-25 00:29:58,461 INFO    Thread-17 :2716 [dir_watcher.py:_on_file_modified():292] file/dir modified: C:\Users\David\Documents\AI-Assignment 2\wandb\run-20221025_002620-gxq69keu\files\output.log
2022-10-25 00:30:00,505 INFO    Thread-17 :2716 [dir_watcher.py:_on_file_modified():292] file/dir modified: C:\Users\David\Documents\AI-Assignment 2\wandb\run-20221025_002620-gxq69keu\files\output.log
2022-10-25 00:30:00,904 DEBUG   HandlerThread:2716 [handler.py:handle_request():138] handle_request: stop_status
2022-10-25 00:30:00,904 DEBUG   SenderThread:2716 [sender.py:send_request():317] send_request: stop_status
2022-10-25 00:30:02,560 INFO    Thread-17 :2716 [dir_watcher.py:_on_file_modified():292] file/dir modified: C:\Users\David\Documents\AI-Assignment 2\wandb\run-20221025_002620-gxq69keu\files\output.log
2022-10-25 00:30:04,591 INFO    Thread-17 :2716 [dir_watcher.py:_on_file_modified():292] file/dir modified: C:\Users\David\Documents\AI-Assignment 2\wandb\run-20221025_002620-gxq69keu\files\output.log
2022-10-25 00:30:06,660 INFO    Thread-17 :2716 [dir_watcher.py:_on_file_modified():292] file/dir modified: C:\Users\David\Documents\AI-Assignment 2\wandb\run-20221025_002620-gxq69keu\files\output.log
2022-10-25 00:30:08,690 INFO    Thread-17 :2716 [dir_watcher.py:_on_file_modified():292] file/dir modified: C:\Users\David\Documents\AI-Assignment 2\wandb\run-20221025_002620-gxq69keu\files\output.log
2022-10-25 00:30:10,714 INFO    Thread-17 :2716 [dir_watcher.py:_on_file_modified():292] file/dir modified: C:\Users\David\Documents\AI-Assignment 2\wandb\run-20221025_002620-gxq69keu\files\output.log
2022-10-25 00:30:12,740 INFO    Thread-17 :2716 [dir_watcher.py:_on_file_modified():292] file/dir modified: C:\Users\David\Documents\AI-Assignment 2\wandb\run-20221025_002620-gxq69keu\files\output.log
2022-10-25 00:30:14,775 INFO    Thread-17 :2716 [dir_watcher.py:_on_file_modified():292] file/dir modified: C:\Users\David\Documents\AI-Assignment 2\wandb\run-20221025_002620-gxq69keu\files\output.log
2022-10-25 00:30:16,324 DEBUG   HandlerThread:2716 [handler.py:handle_request():138] handle_request: stop_status
2022-10-25 00:30:16,324 DEBUG   SenderThread:2716 [sender.py:send_request():317] send_request: stop_status
2022-10-25 00:30:16,807 INFO    Thread-17 :2716 [dir_watcher.py:_on_file_modified():292] file/dir modified: C:\Users\David\Documents\AI-Assignment 2\wandb\run-20221025_002620-gxq69keu\files\output.log
2022-10-25 00:30:18,845 INFO    Thread-17 :2716 [dir_watcher.py:_on_file_modified():292] file/dir modified: C:\Users\David\Documents\AI-Assignment 2\wandb\run-20221025_002620-gxq69keu\files\output.log
2022-10-25 00:30:20,878 INFO    Thread-17 :2716 [dir_watcher.py:_on_file_modified():292] file/dir modified: C:\Users\David\Documents\AI-Assignment 2\wandb\run-20221025_002620-gxq69keu\files\output.log
2022-10-25 00:30:21,631 DEBUG   SenderThread:2716 [sender.py:send():303] send: stats
2022-10-25 00:30:22,922 INFO    Thread-17 :2716 [dir_watcher.py:_on_file_modified():292] file/dir modified: C:\Users\David\Documents\AI-Assignment 2\wandb\run-20221025_002620-gxq69keu\files\output.log
2022-10-25 00:30:24,974 INFO    Thread-17 :2716 [dir_watcher.py:_on_file_modified():292] file/dir modified: C:\Users\David\Documents\AI-Assignment 2\wandb\run-20221025_002620-gxq69keu\files\output.log
2022-10-25 00:30:27,484 DEBUG   HandlerThread:2716 [handler.py:handle_request():138] handle_request: partial_history
2022-10-25 00:30:27,485 DEBUG   HandlerThread:2716 [handler.py:handle_request():138] handle_request: partial_history
2022-10-25 00:30:27,486 DEBUG   SenderThread:2716 [sender.py:send():303] send: history
2022-10-25 00:30:27,486 DEBUG   SenderThread:2716 [sender.py:send():303] send: summary
2022-10-25 00:30:27,488 INFO    SenderThread:2716 [sender.py:_save_file():1171] saving file wandb-summary.json with policy end
2022-10-25 00:30:27,488 DEBUG   SenderThread:2716 [sender.py:send():303] send: summary
2022-10-25 00:30:27,490 INFO    SenderThread:2716 [sender.py:_save_file():1171] saving file wandb-summary.json with policy end
2022-10-25 00:30:27,490 DEBUG   SenderThread:2716 [sender.py:send():303] send: summary
2022-10-25 00:30:27,492 INFO    SenderThread:2716 [sender.py:_save_file():1171] saving file wandb-summary.json with policy end
2022-10-25 00:30:28,025 INFO    Thread-17 :2716 [dir_watcher.py:_on_file_modified():292] file/dir modified: C:\Users\David\Documents\AI-Assignment 2\wandb\run-20221025_002620-gxq69keu\files\model-best.h5
2022-10-25 00:30:28,076 INFO    Thread-17 :2716 [dir_watcher.py:_on_file_modified():292] file/dir modified: C:\Users\David\Documents\AI-Assignment 2\wandb\run-20221025_002620-gxq69keu\files\wandb-summary.json
2022-10-25 00:30:29,026 INFO    Thread-17 :2716 [dir_watcher.py:_on_file_modified():292] file/dir modified: C:\Users\David\Documents\AI-Assignment 2\wandb\run-20221025_002620-gxq69keu\files\model-best.h5
2022-10-25 00:30:31,043 INFO    Thread-17 :2716 [dir_watcher.py:_on_file_modified():292] file/dir modified: C:\Users\David\Documents\AI-Assignment 2\wandb\run-20221025_002620-gxq69keu\files\output.log
2022-10-25 00:30:31,043 INFO    Thread-17 :2716 [dir_watcher.py:_on_file_created():275] file/dir created: C:\Users\David\Documents\AI-Assignment 2\wandb\run-20221025_002620-gxq69keu\files\model-best\saved_model.pb
2022-10-25 00:30:31,043 INFO    Thread-17 :2716 [dir_watcher.py:_on_file_created():275] file/dir created: C:\Users\David\Documents\AI-Assignment 2\wandb\run-20221025_002620-gxq69keu\files\model-best\keras_metadata.pb
2022-10-25 00:30:31,044 INFO    Thread-17 :2716 [dir_watcher.py:_on_file_created():275] file/dir created: C:\Users\David\Documents\AI-Assignment 2\wandb\run-20221025_002620-gxq69keu\files\model-best\variables\variables.index
2022-10-25 00:30:31,044 INFO    Thread-17 :2716 [dir_watcher.py:_on_file_created():275] file/dir created: C:\Users\David\Documents\AI-Assignment 2\wandb\run-20221025_002620-gxq69keu\files\model-best\variables\variables.data-00000-of-00001
2022-10-25 00:30:31,044 INFO    Thread-17 :2716 [dir_watcher.py:_on_file_created():275] file/dir created: C:\Users\David\Documents\AI-Assignment 2\wandb\run-20221025_002620-gxq69keu\files\model-best\assets
2022-10-25 00:30:31,044 INFO    Thread-17 :2716 [dir_watcher.py:_on_file_created():275] file/dir created: C:\Users\David\Documents\AI-Assignment 2\wandb\run-20221025_002620-gxq69keu\files\model-best
2022-10-25 00:30:31,045 INFO    Thread-17 :2716 [dir_watcher.py:_on_file_created():275] file/dir created: C:\Users\David\Documents\AI-Assignment 2\wandb\run-20221025_002620-gxq69keu\files\model-best\variables
2022-10-25 00:30:31,729 DEBUG   HandlerThread:2716 [handler.py:handle_request():138] handle_request: log_artifact
2022-10-25 00:30:31,730 DEBUG   SenderThread:2716 [sender.py:send_request():317] send_request: log_artifact
2022-10-25 00:30:31,753 DEBUG   HandlerThread:2716 [handler.py:handle_request():138] handle_request: stop_status
2022-10-25 00:30:33,079 INFO    Thread-17 :2716 [dir_watcher.py:_on_file_modified():292] file/dir modified: C:\Users\David\Documents\AI-Assignment 2\wandb\run-20221025_002620-gxq69keu\files\output.log
2022-10-25 00:30:33,575 INFO    Thread-47 :2716 [upload_job.py:push():98] Skipped uploading C:\Users\David\.cache\wandb\artifacts\obj\md5\fd\3562904aff3a88007ec6207c83c33d
2022-10-25 00:30:34,446 INFO    Thread-50 :2716 [upload_job.py:push():101] Uploaded file C:\Users\David\.cache\wandb\artifacts\obj\md5\34\e33cab630fe47f8d02c3f4d39d7df2
2022-10-25 00:30:34,915 INFO    Thread-48 :2716 [upload_job.py:push():101] Uploaded file C:\Users\David\.cache\wandb\artifacts\obj\md5\e5\7ff822082b089ff6002beef56d24ba
2022-10-25 00:30:39,962 INFO    Thread-49 :2716 [upload_job.py:push():101] Uploaded file C:\Users\David\.cache\wandb\artifacts\obj\md5\90\b9b7e6494636c79dff5ae5120631ec
2022-10-25 00:30:41,772 INFO    SenderThread:2716 [sender.py:send_request_log_artifact():1222] logged artifact model-feasible-sweep-28 - {'id': 'QXJ0aWZhY3Q6MjU1NzkzODIz', 'digest': 'd213e16b3bc383a0d08a9dffaab33810', 'state': 'PENDING', 'aliases': [], 'artifactSequence': {'id': 'QXJ0aWZhY3RDb2xsZWN0aW9uOjQwNjQ0ODkx', 'latestArtifact': {'id': 'QXJ0aWZhY3Q6MjU1NzkyMDUy', 'versionIndex': 3}}, 'version': 'latest'}
2022-10-25 00:30:41,772 DEBUG   SenderThread:2716 [sender.py:send_request():317] send_request: stop_status
2022-10-25 00:30:43,492 INFO    Thread-17 :2716 [dir_watcher.py:_on_file_modified():292] file/dir modified: C:\Users\David\Documents\AI-Assignment 2\wandb\run-20221025_002620-gxq69keu\files\output.log
2022-10-25 00:30:45,597 INFO    Thread-17 :2716 [dir_watcher.py:_on_file_modified():292] file/dir modified: C:\Users\David\Documents\AI-Assignment 2\wandb\run-20221025_002620-gxq69keu\files\output.log
2022-10-25 00:30:47,631 INFO    Thread-17 :2716 [dir_watcher.py:_on_file_modified():292] file/dir modified: C:\Users\David\Documents\AI-Assignment 2\wandb\run-20221025_002620-gxq69keu\files\output.log
2022-10-25 00:30:49,684 INFO    Thread-17 :2716 [dir_watcher.py:_on_file_modified():292] file/dir modified: C:\Users\David\Documents\AI-Assignment 2\wandb\run-20221025_002620-gxq69keu\files\output.log
2022-10-25 00:30:51,732 INFO    Thread-17 :2716 [dir_watcher.py:_on_file_modified():292] file/dir modified: C:\Users\David\Documents\AI-Assignment 2\wandb\run-20221025_002620-gxq69keu\files\output.log
2022-10-25 00:30:51,771 DEBUG   HandlerThread:2716 [handler.py:handle_request():138] handle_request: stop_status
2022-10-25 00:30:51,772 DEBUG   SenderThread:2716 [sender.py:send_request():317] send_request: stop_status
2022-10-25 00:30:53,792 INFO    Thread-17 :2716 [dir_watcher.py:_on_file_modified():292] file/dir modified: C:\Users\David\Documents\AI-Assignment 2\wandb\run-20221025_002620-gxq69keu\files\output.log
2022-10-25 00:30:55,838 INFO    Thread-17 :2716 [dir_watcher.py:_on_file_modified():292] file/dir modified: C:\Users\David\Documents\AI-Assignment 2\wandb\run-20221025_002620-gxq69keu\files\output.log
2022-10-25 00:30:56,123 DEBUG   SenderThread:2716 [sender.py:send():303] send: stats
2022-10-25 00:30:57,902 INFO    Thread-17 :2716 [dir_watcher.py:_on_file_modified():292] file/dir modified: C:\Users\David\Documents\AI-Assignment 2\wandb\run-20221025_002620-gxq69keu\files\output.log
2022-10-25 00:30:58,934 INFO    Thread-17 :2716 [dir_watcher.py:_on_file_modified():292] file/dir modified: C:\Users\David\Documents\AI-Assignment 2\wandb\run-20221025_002620-gxq69keu\files\output.log
2022-10-25 00:31:00,983 INFO    Thread-17 :2716 [dir_watcher.py:_on_file_modified():292] file/dir modified: C:\Users\David\Documents\AI-Assignment 2\wandb\run-20221025_002620-gxq69keu\files\output.log
2022-10-25 00:31:03,020 INFO    Thread-17 :2716 [dir_watcher.py:_on_file_modified():292] file/dir modified: C:\Users\David\Documents\AI-Assignment 2\wandb\run-20221025_002620-gxq69keu\files\output.log
2022-10-25 00:31:05,059 INFO    Thread-17 :2716 [dir_watcher.py:_on_file_modified():292] file/dir modified: C:\Users\David\Documents\AI-Assignment 2\wandb\run-20221025_002620-gxq69keu\files\output.log
2022-10-25 00:31:07,114 INFO    Thread-17 :2716 [dir_watcher.py:_on_file_modified():292] file/dir modified: C:\Users\David\Documents\AI-Assignment 2\wandb\run-20221025_002620-gxq69keu\files\output.log
2022-10-25 00:31:07,197 DEBUG   HandlerThread:2716 [handler.py:handle_request():138] handle_request: stop_status
2022-10-25 00:31:07,197 DEBUG   SenderThread:2716 [sender.py:send_request():317] send_request: stop_status
2022-10-25 00:31:09,152 INFO    Thread-17 :2716 [dir_watcher.py:_on_file_modified():292] file/dir modified: C:\Users\David\Documents\AI-Assignment 2\wandb\run-20221025_002620-gxq69keu\files\output.log
2022-10-25 00:31:11,189 INFO    Thread-17 :2716 [dir_watcher.py:_on_file_modified():292] file/dir modified: C:\Users\David\Documents\AI-Assignment 2\wandb\run-20221025_002620-gxq69keu\files\output.log
2022-10-25 00:31:13,098 DEBUG   HandlerThread:2716 [handler.py:handle_request():138] handle_request: partial_history
2022-10-25 00:31:13,099 DEBUG   HandlerThread:2716 [handler.py:handle_request():138] handle_request: partial_history
2022-10-25 00:31:13,100 DEBUG   SenderThread:2716 [sender.py:send():303] send: history
2022-10-25 00:31:13,101 DEBUG   SenderThread:2716 [sender.py:send():303] send: summary
2022-10-25 00:31:13,102 INFO    SenderThread:2716 [sender.py:_save_file():1171] saving file wandb-summary.json with policy end
2022-10-25 00:31:13,103 DEBUG   SenderThread:2716 [sender.py:send():303] send: summary
2022-10-25 00:31:13,104 INFO    SenderThread:2716 [sender.py:_save_file():1171] saving file wandb-summary.json with policy end
2022-10-25 00:31:13,104 DEBUG   SenderThread:2716 [sender.py:send():303] send: summary
2022-10-25 00:31:13,106 INFO    SenderThread:2716 [sender.py:_save_file():1171] saving file wandb-summary.json with policy end
2022-10-25 00:31:13,208 INFO    Thread-17 :2716 [dir_watcher.py:_on_file_modified():292] file/dir modified: C:\Users\David\Documents\AI-Assignment 2\wandb\run-20221025_002620-gxq69keu\files\model-best.h5
2022-10-25 00:31:13,209 INFO    Thread-17 :2716 [dir_watcher.py:_on_file_modified():292] file/dir modified: C:\Users\David\Documents\AI-Assignment 2\wandb\run-20221025_002620-gxq69keu\files\wandb-summary.json
2022-10-25 00:31:15,229 INFO    Thread-17 :2716 [dir_watcher.py:_on_file_modified():292] file/dir modified: C:\Users\David\Documents\AI-Assignment 2\wandb\run-20221025_002620-gxq69keu\files\output.log
2022-10-25 00:31:15,229 INFO    Thread-17 :2716 [dir_watcher.py:_on_file_created():275] file/dir created: C:\Users\David\Documents\AI-Assignment 2\wandb\run-20221025_002620-gxq69keu\files\model-best\saved_model.pb
2022-10-25 00:31:15,230 INFO    Thread-17 :2716 [dir_watcher.py:_on_file_created():275] file/dir created: C:\Users\David\Documents\AI-Assignment 2\wandb\run-20221025_002620-gxq69keu\files\model-best\keras_metadata.pb
2022-10-25 00:31:15,230 INFO    Thread-17 :2716 [dir_watcher.py:_on_file_created():275] file/dir created: C:\Users\David\Documents\AI-Assignment 2\wandb\run-20221025_002620-gxq69keu\files\model-best\variables\variables.index
2022-10-25 00:31:15,230 INFO    Thread-17 :2716 [dir_watcher.py:_on_file_created():275] file/dir created: C:\Users\David\Documents\AI-Assignment 2\wandb\run-20221025_002620-gxq69keu\files\model-best\variables\variables.data-00000-of-00001
2022-10-25 00:31:15,231 INFO    Thread-17 :2716 [dir_watcher.py:_on_file_created():275] file/dir created: C:\Users\David\Documents\AI-Assignment 2\wandb\run-20221025_002620-gxq69keu\files\model-best\assets
2022-10-25 00:31:15,231 INFO    Thread-17 :2716 [dir_watcher.py:_on_file_created():275] file/dir created: C:\Users\David\Documents\AI-Assignment 2\wandb\run-20221025_002620-gxq69keu\files\model-best
2022-10-25 00:31:15,231 INFO    Thread-17 :2716 [dir_watcher.py:_on_file_created():275] file/dir created: C:\Users\David\Documents\AI-Assignment 2\wandb\run-20221025_002620-gxq69keu\files\model-best\variables
2022-10-25 00:31:15,570 DEBUG   HandlerThread:2716 [handler.py:handle_request():138] handle_request: log_artifact
2022-10-25 00:31:15,571 DEBUG   SenderThread:2716 [sender.py:send_request():317] send_request: log_artifact
2022-10-25 00:31:17,254 INFO    Thread-17 :2716 [dir_watcher.py:_on_file_modified():292] file/dir modified: C:\Users\David\Documents\AI-Assignment 2\wandb\run-20221025_002620-gxq69keu\files\output.log
2022-10-25 00:31:17,478 INFO    Thread-52 :2716 [upload_job.py:push():98] Skipped uploading C:\Users\David\.cache\wandb\artifacts\obj\md5\fd\3562904aff3a88007ec6207c83c33d
2022-10-25 00:31:18,341 INFO    Thread-55 :2716 [upload_job.py:push():101] Uploaded file C:\Users\David\.cache\wandb\artifacts\obj\md5\aa\32e03494db9ac32f18812d47d031f8
2022-10-25 00:31:19,289 INFO    Thread-53 :2716 [upload_job.py:push():101] Uploaded file C:\Users\David\.cache\wandb\artifacts\obj\md5\43\993da47c3a5a6cb44dc2b600c9d7d9
2022-10-25 00:31:22,630 DEBUG   HandlerThread:2716 [handler.py:handle_request():138] handle_request: stop_status
2022-10-25 00:31:23,688 INFO    Thread-54 :2716 [upload_job.py:push():101] Uploaded file C:\Users\David\.cache\wandb\artifacts\obj\md5\6d\a3175d54b1f3ffc40e80001ab5a260
2022-10-25 00:31:25,703 INFO    SenderThread:2716 [sender.py:send_request_log_artifact():1222] logged artifact model-feasible-sweep-28 - {'id': 'QXJ0aWZhY3Q6MjU1Nzk1NDc5', 'digest': '54308ea034b6f4ad24d2e068f3f93799', 'state': 'PENDING', 'aliases': [], 'artifactSequence': {'id': 'QXJ0aWZhY3RDb2xsZWN0aW9uOjQwNjQ0ODkx', 'latestArtifact': {'id': 'QXJ0aWZhY3Q6MjU1NzkzODIz', 'versionIndex': 4}}, 'version': 'latest'}
2022-10-25 00:31:25,706 DEBUG   SenderThread:2716 [sender.py:send_request():317] send_request: stop_status
2022-10-25 00:31:27,535 INFO    Thread-17 :2716 [dir_watcher.py:_on_file_modified():292] file/dir modified: C:\Users\David\Documents\AI-Assignment 2\wandb\run-20221025_002620-gxq69keu\files\output.log
2022-10-25 00:31:29,580 INFO    Thread-17 :2716 [dir_watcher.py:_on_file_modified():292] file/dir modified: C:\Users\David\Documents\AI-Assignment 2\wandb\run-20221025_002620-gxq69keu\files\output.log
2022-10-25 00:31:30,756 DEBUG   SenderThread:2716 [sender.py:send():303] send: stats
2022-10-25 00:31:31,622 INFO    Thread-17 :2716 [dir_watcher.py:_on_file_modified():292] file/dir modified: C:\Users\David\Documents\AI-Assignment 2\wandb\run-20221025_002620-gxq69keu\files\output.log
2022-10-25 00:31:33,678 INFO    Thread-17 :2716 [dir_watcher.py:_on_file_modified():292] file/dir modified: C:\Users\David\Documents\AI-Assignment 2\wandb\run-20221025_002620-gxq69keu\files\output.log
2022-10-25 00:31:35,711 INFO    Thread-17 :2716 [dir_watcher.py:_on_file_modified():292] file/dir modified: C:\Users\David\Documents\AI-Assignment 2\wandb\run-20221025_002620-gxq69keu\files\output.log
2022-10-25 00:31:37,803 INFO    Thread-17 :2716 [dir_watcher.py:_on_file_modified():292] file/dir modified: C:\Users\David\Documents\AI-Assignment 2\wandb\run-20221025_002620-gxq69keu\files\output.log
2022-10-25 00:31:39,835 INFO    Thread-17 :2716 [dir_watcher.py:_on_file_modified():292] file/dir modified: C:\Users\David\Documents\AI-Assignment 2\wandb\run-20221025_002620-gxq69keu\files\output.log
2022-10-25 00:31:41,165 DEBUG   HandlerThread:2716 [handler.py:handle_request():138] handle_request: stop_status
2022-10-25 00:31:41,166 DEBUG   SenderThread:2716 [sender.py:send_request():317] send_request: stop_status
2022-10-25 00:31:41,882 INFO    Thread-17 :2716 [dir_watcher.py:_on_file_modified():292] file/dir modified: C:\Users\David\Documents\AI-Assignment 2\wandb\run-20221025_002620-gxq69keu\files\output.log
2022-10-25 00:31:43,934 INFO    Thread-17 :2716 [dir_watcher.py:_on_file_modified():292] file/dir modified: C:\Users\David\Documents\AI-Assignment 2\wandb\run-20221025_002620-gxq69keu\files\output.log
2022-10-25 00:31:45,970 INFO    Thread-17 :2716 [dir_watcher.py:_on_file_modified():292] file/dir modified: C:\Users\David\Documents\AI-Assignment 2\wandb\run-20221025_002620-gxq69keu\files\output.log
2022-10-25 00:31:48,007 INFO    Thread-17 :2716 [dir_watcher.py:_on_file_modified():292] file/dir modified: C:\Users\David\Documents\AI-Assignment 2\wandb\run-20221025_002620-gxq69keu\files\output.log
2022-10-25 00:31:50,025 INFO    Thread-17 :2716 [dir_watcher.py:_on_file_modified():292] file/dir modified: C:\Users\David\Documents\AI-Assignment 2\wandb\run-20221025_002620-gxq69keu\files\output.log
2022-10-25 00:31:52,060 INFO    Thread-17 :2716 [dir_watcher.py:_on_file_modified():292] file/dir modified: C:\Users\David\Documents\AI-Assignment 2\wandb\run-20221025_002620-gxq69keu\files\output.log
2022-10-25 00:31:54,115 INFO    Thread-17 :2716 [dir_watcher.py:_on_file_modified():292] file/dir modified: C:\Users\David\Documents\AI-Assignment 2\wandb\run-20221025_002620-gxq69keu\files\output.log
2022-10-25 00:31:56,144 INFO    Thread-17 :2716 [dir_watcher.py:_on_file_modified():292] file/dir modified: C:\Users\David\Documents\AI-Assignment 2\wandb\run-20221025_002620-gxq69keu\files\output.log
2022-10-25 00:31:56,586 DEBUG   HandlerThread:2716 [handler.py:handle_request():138] handle_request: stop_status
2022-10-25 00:31:56,586 DEBUG   SenderThread:2716 [sender.py:send_request():317] send_request: stop_status
2022-10-25 00:31:57,719 DEBUG   HandlerThread:2716 [handler.py:handle_request():138] handle_request: partial_history
2022-10-25 00:31:57,720 DEBUG   HandlerThread:2716 [handler.py:handle_request():138] handle_request: partial_history
2022-10-25 00:31:57,720 DEBUG   SenderThread:2716 [sender.py:send():303] send: history
2022-10-25 00:31:57,721 DEBUG   SenderThread:2716 [sender.py:send():303] send: summary
2022-10-25 00:31:57,722 INFO    SenderThread:2716 [sender.py:_save_file():1171] saving file wandb-summary.json with policy end
2022-10-25 00:31:57,723 DEBUG   SenderThread:2716 [sender.py:send():303] send: summary
2022-10-25 00:31:57,724 INFO    SenderThread:2716 [sender.py:_save_file():1171] saving file wandb-summary.json with policy end
2022-10-25 00:31:57,725 DEBUG   SenderThread:2716 [sender.py:send():303] send: summary
2022-10-25 00:31:57,726 INFO    SenderThread:2716 [sender.py:_save_file():1171] saving file wandb-summary.json with policy end
2022-10-25 00:31:58,170 INFO    Thread-17 :2716 [dir_watcher.py:_on_file_modified():292] file/dir modified: C:\Users\David\Documents\AI-Assignment 2\wandb\run-20221025_002620-gxq69keu\files\model-best.h5
2022-10-25 00:31:58,170 INFO    Thread-17 :2716 [dir_watcher.py:_on_file_modified():292] file/dir modified: C:\Users\David\Documents\AI-Assignment 2\wandb\run-20221025_002620-gxq69keu\files\wandb-summary.json
2022-10-25 00:32:00,200 INFO    Thread-17 :2716 [dir_watcher.py:_on_file_created():275] file/dir created: C:\Users\David\Documents\AI-Assignment 2\wandb\run-20221025_002620-gxq69keu\files\model-best\saved_model.pb
2022-10-25 00:32:00,200 INFO    Thread-17 :2716 [dir_watcher.py:_on_file_created():275] file/dir created: C:\Users\David\Documents\AI-Assignment 2\wandb\run-20221025_002620-gxq69keu\files\model-best\keras_metadata.pb
2022-10-25 00:32:00,200 INFO    Thread-17 :2716 [dir_watcher.py:_on_file_created():275] file/dir created: C:\Users\David\Documents\AI-Assignment 2\wandb\run-20221025_002620-gxq69keu\files\model-best\variables\variables.index
2022-10-25 00:32:00,201 INFO    Thread-17 :2716 [dir_watcher.py:_on_file_created():275] file/dir created: C:\Users\David\Documents\AI-Assignment 2\wandb\run-20221025_002620-gxq69keu\files\model-best\variables\variables.data-00000-of-00001
2022-10-25 00:32:00,201 INFO    Thread-17 :2716 [dir_watcher.py:_on_file_created():275] file/dir created: C:\Users\David\Documents\AI-Assignment 2\wandb\run-20221025_002620-gxq69keu\files\model-best\assets
2022-10-25 00:32:00,201 INFO    Thread-17 :2716 [dir_watcher.py:_on_file_created():275] file/dir created: C:\Users\David\Documents\AI-Assignment 2\wandb\run-20221025_002620-gxq69keu\files\model-best
2022-10-25 00:32:00,201 INFO    Thread-17 :2716 [dir_watcher.py:_on_file_created():275] file/dir created: C:\Users\David\Documents\AI-Assignment 2\wandb\run-20221025_002620-gxq69keu\files\model-best\variables
2022-10-25 00:32:00,211 DEBUG   HandlerThread:2716 [handler.py:handle_request():138] handle_request: log_artifact
2022-10-25 00:32:00,212 DEBUG   SenderThread:2716 [sender.py:send_request():317] send_request: log_artifact
2022-10-25 00:32:02,184 INFO    Thread-57 :2716 [upload_job.py:push():98] Skipped uploading C:\Users\David\.cache\wandb\artifacts\obj\md5\fd\3562904aff3a88007ec6207c83c33d
2022-10-25 00:32:02,260 INFO    Thread-17 :2716 [dir_watcher.py:_on_file_modified():292] file/dir modified: C:\Users\David\Documents\AI-Assignment 2\wandb\run-20221025_002620-gxq69keu\files\output.log
2022-10-25 00:32:03,064 INFO    Thread-60 :2716 [upload_job.py:push():101] Uploaded file C:\Users\David\.cache\wandb\artifacts\obj\md5\3f\f32f61eff0ea13c20aa44829efff4d
2022-10-25 00:32:04,005 INFO    Thread-58 :2716 [upload_job.py:push():101] Uploaded file C:\Users\David\.cache\wandb\artifacts\obj\md5\49\618f62d3dd554f5eb5415d6d0708d9
2022-10-25 00:32:08,677 INFO    Thread-59 :2716 [upload_job.py:push():101] Uploaded file C:\Users\David\.cache\wandb\artifacts\obj\md5\3e\1670bff316ae549606da38e15a3e01
2022-10-25 00:32:10,649 INFO    SenderThread:2716 [sender.py:send_request_log_artifact():1222] logged artifact model-feasible-sweep-28 - {'id': 'QXJ0aWZhY3Q6MjU1Nzk3MTk5', 'digest': '215dc11207d069e56337f70602386ff0', 'state': 'PENDING', 'aliases': [], 'artifactSequence': {'id': 'QXJ0aWZhY3RDb2xsZWN0aW9uOjQwNjQ0ODkx', 'latestArtifact': {'id': 'QXJ0aWZhY3Q6MjU1Nzk1NDc5', 'versionIndex': 5}}, 'version': 'latest'}
2022-10-25 00:32:10,652 DEBUG   SenderThread:2716 [sender.py:send():303] send: stats
2022-10-25 00:32:12,031 DEBUG   HandlerThread:2716 [handler.py:handle_request():138] handle_request: stop_status
2022-10-25 00:32:12,032 DEBUG   SenderThread:2716 [sender.py:send_request():317] send_request: stop_status
2022-10-25 00:32:12,455 INFO    Thread-17 :2716 [dir_watcher.py:_on_file_modified():292] file/dir modified: C:\Users\David\Documents\AI-Assignment 2\wandb\run-20221025_002620-gxq69keu\files\output.log
2022-10-25 00:32:14,484 INFO    Thread-17 :2716 [dir_watcher.py:_on_file_modified():292] file/dir modified: C:\Users\David\Documents\AI-Assignment 2\wandb\run-20221025_002620-gxq69keu\files\output.log
2022-10-25 00:32:16,538 INFO    Thread-17 :2716 [dir_watcher.py:_on_file_modified():292] file/dir modified: C:\Users\David\Documents\AI-Assignment 2\wandb\run-20221025_002620-gxq69keu\files\output.log
2022-10-25 00:32:18,583 INFO    Thread-17 :2716 [dir_watcher.py:_on_file_modified():292] file/dir modified: C:\Users\David\Documents\AI-Assignment 2\wandb\run-20221025_002620-gxq69keu\files\output.log
2022-10-25 00:32:20,689 INFO    Thread-17 :2716 [dir_watcher.py:_on_file_modified():292] file/dir modified: C:\Users\David\Documents\AI-Assignment 2\wandb\run-20221025_002620-gxq69keu\files\output.log
2022-10-25 00:32:21,712 INFO    Thread-17 :2716 [dir_watcher.py:_on_file_modified():292] file/dir modified: C:\Users\David\Documents\AI-Assignment 2\wandb\run-20221025_002620-gxq69keu\files\output.log
2022-10-25 00:32:23,755 INFO    Thread-17 :2716 [dir_watcher.py:_on_file_modified():292] file/dir modified: C:\Users\David\Documents\AI-Assignment 2\wandb\run-20221025_002620-gxq69keu\files\output.log
2022-10-25 00:32:25,796 INFO    Thread-17 :2716 [dir_watcher.py:_on_file_modified():292] file/dir modified: C:\Users\David\Documents\AI-Assignment 2\wandb\run-20221025_002620-gxq69keu\files\output.log
2022-10-25 00:32:27,436 DEBUG   HandlerThread:2716 [handler.py:handle_request():138] handle_request: stop_status
2022-10-25 00:32:27,439 DEBUG   SenderThread:2716 [sender.py:send_request():317] send_request: stop_status
2022-10-25 00:32:27,850 INFO    Thread-17 :2716 [dir_watcher.py:_on_file_modified():292] file/dir modified: C:\Users\David\Documents\AI-Assignment 2\wandb\run-20221025_002620-gxq69keu\files\output.log
2022-10-25 00:32:29,875 INFO    Thread-17 :2716 [dir_watcher.py:_on_file_modified():292] file/dir modified: C:\Users\David\Documents\AI-Assignment 2\wandb\run-20221025_002620-gxq69keu\files\output.log
2022-10-25 00:32:31,913 INFO    Thread-17 :2716 [dir_watcher.py:_on_file_modified():292] file/dir modified: C:\Users\David\Documents\AI-Assignment 2\wandb\run-20221025_002620-gxq69keu\files\output.log
2022-10-25 00:32:33,956 INFO    Thread-17 :2716 [dir_watcher.py:_on_file_modified():292] file/dir modified: C:\Users\David\Documents\AI-Assignment 2\wandb\run-20221025_002620-gxq69keu\files\output.log
2022-10-25 00:32:35,988 INFO    Thread-17 :2716 [dir_watcher.py:_on_file_modified():292] file/dir modified: C:\Users\David\Documents\AI-Assignment 2\wandb\run-20221025_002620-gxq69keu\files\output.log
2022-10-25 00:32:38,015 INFO    Thread-17 :2716 [dir_watcher.py:_on_file_modified():292] file/dir modified: C:\Users\David\Documents\AI-Assignment 2\wandb\run-20221025_002620-gxq69keu\files\output.log
2022-10-25 00:32:40,045 INFO    Thread-17 :2716 [dir_watcher.py:_on_file_modified():292] file/dir modified: C:\Users\David\Documents\AI-Assignment 2\wandb\run-20221025_002620-gxq69keu\files\output.log
2022-10-25 00:32:40,393 DEBUG   SenderThread:2716 [sender.py:send():303] send: stats
2022-10-25 00:32:42,076 DEBUG   HandlerThread:2716 [handler.py:handle_request():138] handle_request: partial_history
2022-10-25 00:32:42,077 DEBUG   HandlerThread:2716 [handler.py:handle_request():138] handle_request: partial_history
2022-10-25 00:32:42,078 DEBUG   SenderThread:2716 [sender.py:send():303] send: history
2022-10-25 00:32:42,078 DEBUG   SenderThread:2716 [sender.py:send():303] send: summary
2022-10-25 00:32:42,080 INFO    SenderThread:2716 [sender.py:_save_file():1171] saving file wandb-summary.json with policy end
2022-10-25 00:32:42,081 DEBUG   SenderThread:2716 [sender.py:send():303] send: summary
2022-10-25 00:32:42,082 INFO    SenderThread:2716 [sender.py:_save_file():1171] saving file wandb-summary.json with policy end
2022-10-25 00:32:42,083 DEBUG   SenderThread:2716 [sender.py:send():303] send: summary
2022-10-25 00:32:42,084 INFO    SenderThread:2716 [sender.py:_save_file():1171] saving file wandb-summary.json with policy end
2022-10-25 00:32:42,852 DEBUG   HandlerThread:2716 [handler.py:handle_request():138] handle_request: stop_status
2022-10-25 00:32:42,852 DEBUG   SenderThread:2716 [sender.py:send_request():317] send_request: stop_status
2022-10-25 00:32:43,089 INFO    Thread-17 :2716 [dir_watcher.py:_on_file_modified():292] file/dir modified: C:\Users\David\Documents\AI-Assignment 2\wandb\run-20221025_002620-gxq69keu\files\model-best.h5
2022-10-25 00:32:43,090 INFO    Thread-17 :2716 [dir_watcher.py:_on_file_modified():292] file/dir modified: C:\Users\David\Documents\AI-Assignment 2\wandb\run-20221025_002620-gxq69keu\files\wandb-summary.json
2022-10-25 00:32:44,985 DEBUG   HandlerThread:2716 [handler.py:handle_request():138] handle_request: log_artifact
2022-10-25 00:32:44,985 DEBUG   SenderThread:2716 [sender.py:send_request():317] send_request: log_artifact
2022-10-25 00:32:46,140 INFO    Thread-17 :2716 [dir_watcher.py:_on_file_modified():292] file/dir modified: C:\Users\David\Documents\AI-Assignment 2\wandb\run-20221025_002620-gxq69keu\files\output.log
2022-10-25 00:32:46,830 INFO    Thread-62 :2716 [upload_job.py:push():98] Skipped uploading C:\Users\David\.cache\wandb\artifacts\obj\md5\fd\3562904aff3a88007ec6207c83c33d
2022-10-25 00:32:47,504 INFO    Thread-65 :2716 [upload_job.py:push():101] Uploaded file C:\Users\David\.cache\wandb\artifacts\obj\md5\9b\c963a323ab5c75e1f51c4044c0019b
2022-10-25 00:32:48,356 INFO    Thread-63 :2716 [upload_job.py:push():101] Uploaded file C:\Users\David\.cache\wandb\artifacts\obj\md5\e4\88bfeca88b2539ddeed22531a67889
2022-10-25 00:32:52,983 INFO    Thread-64 :2716 [upload_job.py:push():101] Uploaded file C:\Users\David\.cache\wandb\artifacts\obj\md5\a6\6e62cc41e38a61bbc72609501b7686
2022-10-25 00:32:55,327 INFO    SenderThread:2716 [sender.py:send_request_log_artifact():1222] logged artifact model-feasible-sweep-28 - {'id': 'QXJ0aWZhY3Q6MjU1Nzk5MDUw', 'digest': '55f120dc7a95e2e9aa41dd9e3d04750b', 'state': 'PENDING', 'aliases': [], 'artifactSequence': {'id': 'QXJ0aWZhY3RDb2xsZWN0aW9uOjQwNjQ0ODkx', 'latestArtifact': {'id': 'QXJ0aWZhY3Q6MjU1Nzk3MTk5', 'versionIndex': 6}}, 'version': 'latest'}
2022-10-25 00:32:56,384 INFO    Thread-17 :2716 [dir_watcher.py:_on_file_modified():292] file/dir modified: C:\Users\David\Documents\AI-Assignment 2\wandb\run-20221025_002620-gxq69keu\files\output.log
2022-10-25 00:32:58,251 DEBUG   HandlerThread:2716 [handler.py:handle_request():138] handle_request: stop_status
2022-10-25 00:32:58,252 DEBUG   SenderThread:2716 [sender.py:send_request():317] send_request: stop_status
2022-10-25 00:32:58,412 INFO    Thread-17 :2716 [dir_watcher.py:_on_file_modified():292] file/dir modified: C:\Users\David\Documents\AI-Assignment 2\wandb\run-20221025_002620-gxq69keu\files\output.log
2022-10-25 00:33:00,437 INFO    Thread-17 :2716 [dir_watcher.py:_on_file_modified():292] file/dir modified: C:\Users\David\Documents\AI-Assignment 2\wandb\run-20221025_002620-gxq69keu\files\output.log
2022-10-25 00:33:02,500 INFO    Thread-17 :2716 [dir_watcher.py:_on_file_modified():292] file/dir modified: C:\Users\David\Documents\AI-Assignment 2\wandb\run-20221025_002620-gxq69keu\files\output.log
2022-10-25 00:33:04,566 INFO    Thread-17 :2716 [dir_watcher.py:_on_file_modified():292] file/dir modified: C:\Users\David\Documents\AI-Assignment 2\wandb\run-20221025_002620-gxq69keu\files\output.log
2022-10-25 00:33:06,618 INFO    Thread-17 :2716 [dir_watcher.py:_on_file_modified():292] file/dir modified: C:\Users\David\Documents\AI-Assignment 2\wandb\run-20221025_002620-gxq69keu\files\output.log
2022-10-25 00:33:08,667 INFO    Thread-17 :2716 [dir_watcher.py:_on_file_modified():292] file/dir modified: C:\Users\David\Documents\AI-Assignment 2\wandb\run-20221025_002620-gxq69keu\files\output.log
2022-10-25 00:33:10,719 INFO    Thread-17 :2716 [dir_watcher.py:_on_file_modified():292] file/dir modified: C:\Users\David\Documents\AI-Assignment 2\wandb\run-20221025_002620-gxq69keu\files\output.log
2022-10-25 00:33:12,788 INFO    Thread-17 :2716 [dir_watcher.py:_on_file_modified():292] file/dir modified: C:\Users\David\Documents\AI-Assignment 2\wandb\run-20221025_002620-gxq69keu\files\output.log
2022-10-25 00:33:13,665 DEBUG   HandlerThread:2716 [handler.py:handle_request():138] handle_request: stop_status
2022-10-25 00:33:13,665 DEBUG   SenderThread:2716 [sender.py:send_request():317] send_request: stop_status
2022-10-25 00:33:14,878 INFO    Thread-17 :2716 [dir_watcher.py:_on_file_modified():292] file/dir modified: C:\Users\David\Documents\AI-Assignment 2\wandb\run-20221025_002620-gxq69keu\files\output.log
2022-10-25 00:33:14,879 DEBUG   SenderThread:2716 [sender.py:send():303] send: stats
2022-10-25 00:33:16,944 INFO    Thread-17 :2716 [dir_watcher.py:_on_file_modified():292] file/dir modified: C:\Users\David\Documents\AI-Assignment 2\wandb\run-20221025_002620-gxq69keu\files\output.log
2022-10-25 00:33:19,002 INFO    Thread-17 :2716 [dir_watcher.py:_on_file_modified():292] file/dir modified: C:\Users\David\Documents\AI-Assignment 2\wandb\run-20221025_002620-gxq69keu\files\output.log
2022-10-25 00:33:21,031 INFO    Thread-17 :2716 [dir_watcher.py:_on_file_modified():292] file/dir modified: C:\Users\David\Documents\AI-Assignment 2\wandb\run-20221025_002620-gxq69keu\files\output.log
2022-10-25 00:33:23,064 INFO    Thread-17 :2716 [dir_watcher.py:_on_file_modified():292] file/dir modified: C:\Users\David\Documents\AI-Assignment 2\wandb\run-20221025_002620-gxq69keu\files\output.log
2022-10-25 00:33:25,091 INFO    Thread-17 :2716 [dir_watcher.py:_on_file_modified():292] file/dir modified: C:\Users\David\Documents\AI-Assignment 2\wandb\run-20221025_002620-gxq69keu\files\output.log
2022-10-25 00:33:26,392 DEBUG   HandlerThread:2716 [handler.py:handle_request():138] handle_request: partial_history
2022-10-25 00:33:26,393 DEBUG   HandlerThread:2716 [handler.py:handle_request():138] handle_request: partial_history
2022-10-25 00:33:26,394 DEBUG   SenderThread:2716 [sender.py:send():303] send: history
2022-10-25 00:33:26,394 DEBUG   SenderThread:2716 [sender.py:send():303] send: summary
2022-10-25 00:33:26,396 INFO    SenderThread:2716 [sender.py:_save_file():1171] saving file wandb-summary.json with policy end
2022-10-25 00:33:26,397 DEBUG   SenderThread:2716 [sender.py:send():303] send: summary
2022-10-25 00:33:26,398 INFO    SenderThread:2716 [sender.py:_save_file():1171] saving file wandb-summary.json with policy end
2022-10-25 00:33:26,399 DEBUG   SenderThread:2716 [sender.py:send():303] send: summary
2022-10-25 00:33:26,400 INFO    SenderThread:2716 [sender.py:_save_file():1171] saving file wandb-summary.json with policy end
2022-10-25 00:33:27,126 INFO    Thread-17 :2716 [dir_watcher.py:_on_file_modified():292] file/dir modified: C:\Users\David\Documents\AI-Assignment 2\wandb\run-20221025_002620-gxq69keu\files\model-best.h5
2022-10-25 00:33:27,127 INFO    Thread-17 :2716 [dir_watcher.py:_on_file_modified():292] file/dir modified: C:\Users\David\Documents\AI-Assignment 2\wandb\run-20221025_002620-gxq69keu\files\wandb-summary.json
2022-10-25 00:33:28,131 INFO    Thread-17 :2716 [dir_watcher.py:_on_file_modified():292] file/dir modified: C:\Users\David\Documents\AI-Assignment 2\wandb\run-20221025_002620-gxq69keu\files\output.log
2022-10-25 00:33:28,958 DEBUG   HandlerThread:2716 [handler.py:handle_request():138] handle_request: log_artifact
2022-10-25 00:33:28,958 DEBUG   SenderThread:2716 [sender.py:send_request():317] send_request: log_artifact
2022-10-25 00:33:29,095 DEBUG   HandlerThread:2716 [handler.py:handle_request():138] handle_request: stop_status
2022-10-25 00:33:30,162 INFO    Thread-17 :2716 [dir_watcher.py:_on_file_modified():292] file/dir modified: C:\Users\David\Documents\AI-Assignment 2\wandb\run-20221025_002620-gxq69keu\files\output.log
2022-10-25 00:33:30,803 INFO    Thread-67 :2716 [upload_job.py:push():98] Skipped uploading C:\Users\David\.cache\wandb\artifacts\obj\md5\fd\3562904aff3a88007ec6207c83c33d
2022-10-25 00:33:31,509 INFO    Thread-70 :2716 [upload_job.py:push():101] Uploaded file C:\Users\David\.cache\wandb\artifacts\obj\md5\a7\5204b40093cb3f0daa24fc4a6f20f3
2022-10-25 00:33:32,214 INFO    Thread-68 :2716 [upload_job.py:push():101] Uploaded file C:\Users\David\.cache\wandb\artifacts\obj\md5\0c\bb7907d1be2d3ba273059c967b434b
2022-10-25 00:33:36,898 INFO    Thread-69 :2716 [upload_job.py:push():101] Uploaded file C:\Users\David\.cache\wandb\artifacts\obj\md5\9c\769340c17edcfd19b72480e6d7b205
2022-10-25 00:33:38,853 INFO    SenderThread:2716 [sender.py:send_request_log_artifact():1222] logged artifact model-feasible-sweep-28 - {'id': 'QXJ0aWZhY3Q6MjU1ODAwODA3', 'digest': '9ef2f4aa7b0c6aeae26c549bd51e7d8a', 'state': 'PENDING', 'aliases': [], 'artifactSequence': {'id': 'QXJ0aWZhY3RDb2xsZWN0aW9uOjQwNjQ0ODkx', 'latestArtifact': {'id': 'QXJ0aWZhY3Q6MjU1Nzk5MDUw', 'versionIndex': 7}}, 'version': 'latest'}
2022-10-25 00:33:38,853 DEBUG   SenderThread:2716 [sender.py:send_request():317] send_request: stop_status
2022-10-25 00:33:41,348 INFO    Thread-17 :2716 [dir_watcher.py:_on_file_modified():292] file/dir modified: C:\Users\David\Documents\AI-Assignment 2\wandb\run-20221025_002620-gxq69keu\files\output.log
2022-10-25 00:33:43,388 INFO    Thread-17 :2716 [dir_watcher.py:_on_file_modified():292] file/dir modified: C:\Users\David\Documents\AI-Assignment 2\wandb\run-20221025_002620-gxq69keu\files\output.log
2022-10-25 00:33:45,434 INFO    Thread-17 :2716 [dir_watcher.py:_on_file_modified():292] file/dir modified: C:\Users\David\Documents\AI-Assignment 2\wandb\run-20221025_002620-gxq69keu\files\output.log
2022-10-25 00:33:47,501 INFO    Thread-17 :2716 [dir_watcher.py:_on_file_modified():292] file/dir modified: C:\Users\David\Documents\AI-Assignment 2\wandb\run-20221025_002620-gxq69keu\files\output.log
2022-10-25 00:33:49,129 DEBUG   HandlerThread:2716 [handler.py:handle_request():138] handle_request: stop_status
2022-10-25 00:33:49,129 DEBUG   SenderThread:2716 [sender.py:send_request():317] send_request: stop_status
2022-10-25 00:33:49,528 DEBUG   SenderThread:2716 [sender.py:send():303] send: stats
2022-10-25 00:33:49,554 INFO    Thread-17 :2716 [dir_watcher.py:_on_file_modified():292] file/dir modified: C:\Users\David\Documents\AI-Assignment 2\wandb\run-20221025_002620-gxq69keu\files\output.log
2022-10-25 00:33:51,611 INFO    Thread-17 :2716 [dir_watcher.py:_on_file_modified():292] file/dir modified: C:\Users\David\Documents\AI-Assignment 2\wandb\run-20221025_002620-gxq69keu\files\output.log
2022-10-25 00:33:52,660 INFO    Thread-17 :2716 [dir_watcher.py:_on_file_modified():292] file/dir modified: C:\Users\David\Documents\AI-Assignment 2\wandb\run-20221025_002620-gxq69keu\files\output.log
2022-10-25 00:33:54,694 INFO    Thread-17 :2716 [dir_watcher.py:_on_file_modified():292] file/dir modified: C:\Users\David\Documents\AI-Assignment 2\wandb\run-20221025_002620-gxq69keu\files\output.log
2022-10-25 00:33:56,737 INFO    Thread-17 :2716 [dir_watcher.py:_on_file_modified():292] file/dir modified: C:\Users\David\Documents\AI-Assignment 2\wandb\run-20221025_002620-gxq69keu\files\output.log
2022-10-25 00:33:58,775 INFO    Thread-17 :2716 [dir_watcher.py:_on_file_modified():292] file/dir modified: C:\Users\David\Documents\AI-Assignment 2\wandb\run-20221025_002620-gxq69keu\files\output.log
2022-10-25 00:34:00,808 INFO    Thread-17 :2716 [dir_watcher.py:_on_file_modified():292] file/dir modified: C:\Users\David\Documents\AI-Assignment 2\wandb\run-20221025_002620-gxq69keu\files\output.log
2022-10-25 00:34:02,858 INFO    Thread-17 :2716 [dir_watcher.py:_on_file_modified():292] file/dir modified: C:\Users\David\Documents\AI-Assignment 2\wandb\run-20221025_002620-gxq69keu\files\output.log
2022-10-25 00:34:04,559 DEBUG   HandlerThread:2716 [handler.py:handle_request():138] handle_request: stop_status
2022-10-25 00:34:04,559 DEBUG   SenderThread:2716 [sender.py:send_request():317] send_request: stop_status
2022-10-25 00:34:04,900 INFO    Thread-17 :2716 [dir_watcher.py:_on_file_modified():292] file/dir modified: C:\Users\David\Documents\AI-Assignment 2\wandb\run-20221025_002620-gxq69keu\files\output.log
2022-10-25 00:34:06,923 INFO    Thread-17 :2716 [dir_watcher.py:_on_file_modified():292] file/dir modified: C:\Users\David\Documents\AI-Assignment 2\wandb\run-20221025_002620-gxq69keu\files\output.log
2022-10-25 00:34:10,393 DEBUG   HandlerThread:2716 [handler.py:handle_request():138] handle_request: partial_history
2022-10-25 00:34:10,394 DEBUG   HandlerThread:2716 [handler.py:handle_request():138] handle_request: partial_history
2022-10-25 00:34:10,395 DEBUG   SenderThread:2716 [sender.py:send():303] send: history
2022-10-25 00:34:10,395 DEBUG   SenderThread:2716 [sender.py:send():303] send: summary
2022-10-25 00:34:10,397 INFO    SenderThread:2716 [sender.py:_save_file():1171] saving file wandb-summary.json with policy end
2022-10-25 00:34:10,398 DEBUG   SenderThread:2716 [sender.py:send():303] send: summary
2022-10-25 00:34:10,399 INFO    SenderThread:2716 [sender.py:_save_file():1171] saving file wandb-summary.json with policy end
2022-10-25 00:34:10,400 DEBUG   SenderThread:2716 [sender.py:send():303] send: summary
2022-10-25 00:34:10,401 INFO    SenderThread:2716 [sender.py:_save_file():1171] saving file wandb-summary.json with policy end
2022-10-25 00:34:10,968 INFO    Thread-17 :2716 [dir_watcher.py:_on_file_modified():292] file/dir modified: C:\Users\David\Documents\AI-Assignment 2\wandb\run-20221025_002620-gxq69keu\files\model-best.h5
2022-10-25 00:34:10,969 INFO    Thread-17 :2716 [dir_watcher.py:_on_file_modified():292] file/dir modified: C:\Users\David\Documents\AI-Assignment 2\wandb\run-20221025_002620-gxq69keu\files\wandb-summary.json
2022-10-25 00:34:12,961 DEBUG   HandlerThread:2716 [handler.py:handle_request():138] handle_request: log_artifact
2022-10-25 00:34:12,961 DEBUG   SenderThread:2716 [sender.py:send_request():317] send_request: log_artifact
2022-10-25 00:34:12,989 INFO    Thread-17 :2716 [dir_watcher.py:_on_file_modified():292] file/dir modified: C:\Users\David\Documents\AI-Assignment 2\wandb\run-20221025_002620-gxq69keu\files\output.log
2022-10-25 00:34:13,990 DEBUG   HandlerThread:2716 [handler.py:handle_request():138] handle_request: poll_exit
2022-10-25 00:34:14,729 INFO    Thread-72 :2716 [upload_job.py:push():98] Skipped uploading C:\Users\David\.cache\wandb\artifacts\obj\md5\fd\3562904aff3a88007ec6207c83c33d
2022-10-25 00:34:14,996 INFO    Thread-17 :2716 [dir_watcher.py:_on_file_modified():292] file/dir modified: C:\Users\David\Documents\AI-Assignment 2\wandb\run-20221025_002620-gxq69keu\files\output.log
2022-10-25 00:34:15,427 INFO    Thread-75 :2716 [upload_job.py:push():101] Uploaded file C:\Users\David\.cache\wandb\artifacts\obj\md5\64\4da5dfabc6f599d07117eaf6e78c8c
2022-10-25 00:34:16,132 INFO    Thread-73 :2716 [upload_job.py:push():101] Uploaded file C:\Users\David\.cache\wandb\artifacts\obj\md5\74\843938c1f2c97fccb66680caf4b775
2022-10-25 00:34:19,015 DEBUG   HandlerThread:2716 [handler.py:handle_request():138] handle_request: keepalive
2022-10-25 00:34:21,000 INFO    Thread-74 :2716 [upload_job.py:push():101] Uploaded file C:\Users\David\.cache\wandb\artifacts\obj\md5\1c\dc8660022ddc2d9814cab202f4f04c
2022-10-25 00:34:22,833 INFO    SenderThread:2716 [sender.py:send_request_log_artifact():1222] logged artifact model-feasible-sweep-28 - {'id': 'QXJ0aWZhY3Q6MjU1ODAyNTkz', 'digest': 'a721a6c0da60763e2dbc05996daf0e53', 'state': 'PENDING', 'aliases': [], 'artifactSequence': {'id': 'QXJ0aWZhY3RDb2xsZWN0aW9uOjQwNjQ0ODkx', 'latestArtifact': {'id': 'QXJ0aWZhY3Q6MjU1ODAwODA3', 'versionIndex': 8}}, 'version': 'latest'}
2022-10-25 00:34:22,834 DEBUG   SenderThread:2716 [sender.py:send():303] send: exit
2022-10-25 00:34:22,834 INFO    SenderThread:2716 [sender.py:send_exit():442] handling exit code: 0
2022-10-25 00:34:22,834 INFO    SenderThread:2716 [sender.py:send_exit():444] handling runtime: 471
2022-10-25 00:34:22,835 INFO    SenderThread:2716 [sender.py:_save_file():1171] saving file wandb-summary.json with policy end
2022-10-25 00:34:22,836 INFO    SenderThread:2716 [sender.py:send_exit():450] send defer
2022-10-25 00:34:22,836 DEBUG   SenderThread:2716 [sender.py:send_request():317] send_request: poll_exit
2022-10-25 00:34:22,837 DEBUG   HandlerThread:2716 [handler.py:handle_request():138] handle_request: defer
2022-10-25 00:34:22,837 INFO    HandlerThread:2716 [handler.py:handle_request_defer():161] handle defer: 0
2022-10-25 00:34:22,838 DEBUG   SenderThread:2716 [sender.py:send_request():317] send_request: defer
2022-10-25 00:34:22,838 INFO    SenderThread:2716 [sender.py:send_request_defer():459] handle sender defer: 0
2022-10-25 00:34:22,838 INFO    SenderThread:2716 [sender.py:transition_state():463] send defer: 1
2022-10-25 00:34:22,838 DEBUG   HandlerThread:2716 [handler.py:handle_request():138] handle_request: defer
2022-10-25 00:34:22,838 INFO    HandlerThread:2716 [handler.py:handle_request_defer():161] handle defer: 1
2022-10-25 00:34:22,896 DEBUG   SenderThread:2716 [sender.py:send_request():317] send_request: defer
2022-10-25 00:34:22,896 INFO    SenderThread:2716 [sender.py:send_request_defer():459] handle sender defer: 1
2022-10-25 00:34:22,896 INFO    SenderThread:2716 [sender.py:transition_state():463] send defer: 2
2022-10-25 00:34:22,896 DEBUG   SenderThread:2716 [sender.py:send():303] send: stats
2022-10-25 00:34:22,898 DEBUG   HandlerThread:2716 [handler.py:handle_request():138] handle_request: defer
2022-10-25 00:34:22,898 INFO    HandlerThread:2716 [handler.py:handle_request_defer():161] handle defer: 2
2022-10-25 00:34:22,898 DEBUG   SenderThread:2716 [sender.py:send_request():317] send_request: defer
2022-10-25 00:34:22,898 INFO    SenderThread:2716 [sender.py:send_request_defer():459] handle sender defer: 2
2022-10-25 00:34:22,898 INFO    SenderThread:2716 [sender.py:transition_state():463] send defer: 3
2022-10-25 00:34:22,899 DEBUG   HandlerThread:2716 [handler.py:handle_request():138] handle_request: defer
2022-10-25 00:34:22,899 INFO    HandlerThread:2716 [handler.py:handle_request_defer():161] handle defer: 3
2022-10-25 00:34:22,899 DEBUG   SenderThread:2716 [sender.py:send_request():317] send_request: defer
2022-10-25 00:34:22,899 INFO    SenderThread:2716 [sender.py:send_request_defer():459] handle sender defer: 3
2022-10-25 00:34:22,899 INFO    SenderThread:2716 [sender.py:transition_state():463] send defer: 4
2022-10-25 00:34:22,900 DEBUG   HandlerThread:2716 [handler.py:handle_request():138] handle_request: defer
2022-10-25 00:34:22,900 INFO    HandlerThread:2716 [handler.py:handle_request_defer():161] handle defer: 4
2022-10-25 00:34:22,900 DEBUG   SenderThread:2716 [sender.py:send():303] send: summary
2022-10-25 00:34:22,901 INFO    SenderThread:2716 [sender.py:_save_file():1171] saving file wandb-summary.json with policy end
2022-10-25 00:34:22,902 DEBUG   SenderThread:2716 [sender.py:send_request():317] send_request: defer
2022-10-25 00:34:22,902 INFO    SenderThread:2716 [sender.py:send_request_defer():459] handle sender defer: 4
2022-10-25 00:34:22,902 INFO    SenderThread:2716 [sender.py:transition_state():463] send defer: 5
2022-10-25 00:34:22,903 DEBUG   HandlerThread:2716 [handler.py:handle_request():138] handle_request: defer
2022-10-25 00:34:22,903 INFO    HandlerThread:2716 [handler.py:handle_request_defer():161] handle defer: 5
2022-10-25 00:34:22,903 DEBUG   SenderThread:2716 [sender.py:send_request():317] send_request: defer
2022-10-25 00:34:22,903 INFO    SenderThread:2716 [sender.py:send_request_defer():459] handle sender defer: 5
2022-10-25 00:34:22,903 INFO    SenderThread:2716 [sender.py:transition_state():463] send defer: 6
2022-10-25 00:34:22,904 DEBUG   HandlerThread:2716 [handler.py:handle_request():138] handle_request: defer
2022-10-25 00:34:22,904 INFO    HandlerThread:2716 [handler.py:handle_request_defer():161] handle defer: 6
2022-10-25 00:34:22,904 DEBUG   SenderThread:2716 [sender.py:send_request():317] send_request: defer
2022-10-25 00:34:22,904 INFO    SenderThread:2716 [sender.py:send_request_defer():459] handle sender defer: 6
2022-10-25 00:34:23,058 INFO    Thread-17 :2716 [dir_watcher.py:_on_file_modified():292] file/dir modified: C:\Users\David\Documents\AI-Assignment 2\wandb\run-20221025_002620-gxq69keu\files\wandb-summary.json
2022-10-25 00:34:24,067 DEBUG   HandlerThread:2716 [handler.py:handle_request():138] handle_request: keepalive
2022-10-25 00:34:25,080 INFO    Thread-17 :2716 [dir_watcher.py:_on_file_modified():292] file/dir modified: C:\Users\David\Documents\AI-Assignment 2\wandb\run-20221025_002620-gxq69keu\files\output.log
2022-10-25 00:34:26,493 INFO    SenderThread:2716 [sender.py:transition_state():463] send defer: 7
2022-10-25 00:34:26,494 DEBUG   HandlerThread:2716 [handler.py:handle_request():138] handle_request: defer
2022-10-25 00:34:26,494 INFO    HandlerThread:2716 [handler.py:handle_request_defer():161] handle defer: 7
2022-10-25 00:34:26,494 DEBUG   SenderThread:2716 [sender.py:send_request():317] send_request: defer
2022-10-25 00:34:26,494 INFO    SenderThread:2716 [sender.py:send_request_defer():459] handle sender defer: 7
2022-10-25 00:34:26,494 INFO    SenderThread:2716 [dir_watcher.py:finish():362] shutting down directory watcher
2022-10-25 00:34:27,102 INFO    SenderThread:2716 [dir_watcher.py:_on_file_modified():292] file/dir modified: C:\Users\David\Documents\AI-Assignment 2\wandb\run-20221025_002620-gxq69keu\files\output.log
2022-10-25 00:34:27,102 INFO    SenderThread:2716 [dir_watcher.py:finish():392] scan: C:\Users\David\Documents\AI-Assignment 2\wandb\run-20221025_002620-gxq69keu\files
2022-10-25 00:34:27,103 INFO    SenderThread:2716 [dir_watcher.py:finish():406] scan save: C:\Users\David\Documents\AI-Assignment 2\wandb\run-20221025_002620-gxq69keu\files\config.yaml config.yaml
2022-10-25 00:34:27,103 INFO    SenderThread:2716 [dir_watcher.py:finish():406] scan save: C:\Users\David\Documents\AI-Assignment 2\wandb\run-20221025_002620-gxq69keu\files\model-best.h5 model-best.h5
2022-10-25 00:34:27,106 INFO    SenderThread:2716 [dir_watcher.py:finish():406] scan save: C:\Users\David\Documents\AI-Assignment 2\wandb\run-20221025_002620-gxq69keu\files\output.log output.log
2022-10-25 00:34:27,107 INFO    SenderThread:2716 [dir_watcher.py:finish():406] scan save: C:\Users\David\Documents\AI-Assignment 2\wandb\run-20221025_002620-gxq69keu\files\requirements.txt requirements.txt
2022-10-25 00:34:27,108 INFO    SenderThread:2716 [dir_watcher.py:finish():406] scan save: C:\Users\David\Documents\AI-Assignment 2\wandb\run-20221025_002620-gxq69keu\files\wandb-metadata.json wandb-metadata.json
2022-10-25 00:34:27,108 INFO    SenderThread:2716 [dir_watcher.py:finish():406] scan save: C:\Users\David\Documents\AI-Assignment 2\wandb\run-20221025_002620-gxq69keu\files\wandb-summary.json wandb-summary.json
2022-10-25 00:34:27,109 INFO    SenderThread:2716 [dir_watcher.py:finish():406] scan save: C:\Users\David\Documents\AI-Assignment 2\wandb\run-20221025_002620-gxq69keu\files\media\graph\graph_summary_448a56bbf1192b30b4a2.graph.json media\graph\graph_summary_448a56bbf1192b30b4a2.graph.json
2022-10-25 00:34:27,109 INFO    SenderThread:2716 [sender.py:transition_state():463] send defer: 8
2022-10-25 00:34:27,109 DEBUG   HandlerThread:2716 [handler.py:handle_request():138] handle_request: defer
2022-10-25 00:34:27,110 INFO    HandlerThread:2716 [handler.py:handle_request_defer():161] handle defer: 8
2022-10-25 00:34:27,110 DEBUG   SenderThread:2716 [sender.py:send_request():317] send_request: defer
2022-10-25 00:34:27,110 INFO    SenderThread:2716 [sender.py:send_request_defer():459] handle sender defer: 8
2022-10-25 00:34:27,110 INFO    SenderThread:2716 [file_pusher.py:finish():168] shutting down file pusher
2022-10-25 00:34:28,184 INFO    Thread-76 :2716 [upload_job.py:push():143] Uploaded file C:\Users\David\Documents\AI-Assignment 2\wandb\run-20221025_002620-gxq69keu\files\config.yaml
2022-10-25 00:34:28,209 INFO    Thread-79 :2716 [upload_job.py:push():143] Uploaded file C:\Users\David\Documents\AI-Assignment 2\wandb\run-20221025_002620-gxq69keu\files\requirements.txt
2022-10-25 00:34:28,261 INFO    Thread-80 :2716 [upload_job.py:push():143] Uploaded file C:\Users\David\Documents\AI-Assignment 2\wandb\run-20221025_002620-gxq69keu\files\wandb-summary.json
2022-10-25 00:34:28,261 INFO    Thread-78 :2716 [upload_job.py:push():143] Uploaded file C:\Users\David\Documents\AI-Assignment 2\wandb\run-20221025_002620-gxq69keu\files\output.log
2022-10-25 00:34:29,114 DEBUG   HandlerThread:2716 [handler.py:handle_request():138] handle_request: keepalive
2022-10-25 00:34:33,438 INFO    Thread-77 :2716 [upload_job.py:push():143] Uploaded file C:\Users\David\AppData\Local\Temp\tmp37h4kl03wandb\11xx7yve-model-best.h5
2022-10-25 00:34:33,645 INFO    Thread-16 (_thread_body):2716 [sender.py:transition_state():463] send defer: 9
2022-10-25 00:34:33,645 DEBUG   HandlerThread:2716 [handler.py:handle_request():138] handle_request: defer
2022-10-25 00:34:33,645 INFO    HandlerThread:2716 [handler.py:handle_request_defer():161] handle defer: 9
2022-10-25 00:34:33,647 DEBUG   SenderThread:2716 [sender.py:send_request():317] send_request: defer
2022-10-25 00:34:33,647 INFO    SenderThread:2716 [sender.py:send_request_defer():459] handle sender defer: 9
2022-10-25 00:34:33,647 INFO    SenderThread:2716 [file_pusher.py:join():173] waiting for file pusher
2022-10-25 00:34:33,647 INFO    SenderThread:2716 [sender.py:transition_state():463] send defer: 10
2022-10-25 00:34:33,647 DEBUG   HandlerThread:2716 [handler.py:handle_request():138] handle_request: defer
2022-10-25 00:34:33,647 INFO    HandlerThread:2716 [handler.py:handle_request_defer():161] handle defer: 10
2022-10-25 00:34:33,647 DEBUG   SenderThread:2716 [sender.py:send_request():317] send_request: defer
2022-10-25 00:34:33,647 INFO    SenderThread:2716 [sender.py:send_request_defer():459] handle sender defer: 10
2022-10-25 00:34:33,975 INFO    SenderThread:2716 [sender.py:transition_state():463] send defer: 11
2022-10-25 00:34:33,975 DEBUG   HandlerThread:2716 [handler.py:handle_request():138] handle_request: defer
2022-10-25 00:34:33,975 INFO    HandlerThread:2716 [handler.py:handle_request_defer():161] handle defer: 11
2022-10-25 00:34:33,975 DEBUG   SenderThread:2716 [sender.py:send_request():317] send_request: defer
2022-10-25 00:34:33,975 INFO    SenderThread:2716 [sender.py:send_request_defer():459] handle sender defer: 11
2022-10-25 00:34:33,976 INFO    SenderThread:2716 [sender.py:transition_state():463] send defer: 12
2022-10-25 00:34:33,976 DEBUG   SenderThread:2716 [sender.py:send():303] send: final
2022-10-25 00:34:33,976 DEBUG   SenderThread:2716 [sender.py:send():303] send: footer
2022-10-25 00:34:33,977 DEBUG   HandlerThread:2716 [handler.py:handle_request():138] handle_request: defer
2022-10-25 00:34:33,977 INFO    HandlerThread:2716 [handler.py:handle_request_defer():161] handle defer: 12
2022-10-25 00:34:33,977 DEBUG   SenderThread:2716 [sender.py:send_request():317] send_request: defer
2022-10-25 00:34:33,977 INFO    SenderThread:2716 [sender.py:send_request_defer():459] handle sender defer: 12
2022-10-25 00:34:33,978 DEBUG   HandlerThread:2716 [handler.py:handle_request():138] handle_request: poll_exit
2022-10-25 00:34:33,978 DEBUG   SenderThread:2716 [sender.py:send_request():317] send_request: poll_exit
2022-10-25 00:34:33,979 DEBUG   HandlerThread:2716 [handler.py:handle_request():138] handle_request: server_info
2022-10-25 00:34:33,979 DEBUG   SenderThread:2716 [sender.py:send_request():317] send_request: server_info
2022-10-25 00:34:33,981 DEBUG   HandlerThread:2716 [handler.py:handle_request():138] handle_request: get_summary
2022-10-25 00:34:33,981 DEBUG   HandlerThread:2716 [handler.py:handle_request():138] handle_request: sampled_history
2022-10-25 00:34:34,344 INFO    MainThread:2716 [wandb_run.py:_footer_history_summary_info():3377] rendering history
2022-10-25 00:34:34,344 INFO    MainThread:2716 [wandb_run.py:_footer_history_summary_info():3409] rendering summary
2022-10-25 00:34:34,360 INFO    MainThread:2716 [wandb_run.py:_footer_sync_info():3333] logging synced files
2022-10-25 00:34:34,368 DEBUG   HandlerThread:2716 [handler.py:handle_request():138] handle_request: shutdown
2022-10-25 00:34:34,368 INFO    HandlerThread:2716 [handler.py:finish():814] shutting down handler
2022-10-25 00:34:34,982 INFO    WriterThread:2716 [datastore.py:close():279] close: C:\Users\David\Documents\AI-Assignment 2\wandb\run-20221025_002620-gxq69keu\run-gxq69keu.wandb
2022-10-25 00:34:35,355 INFO    SenderThread:2716 [sender.py:finish():1331] shutting down sender
2022-10-25 00:34:35,355 INFO    SenderThread:2716 [file_pusher.py:finish():168] shutting down file pusher
2022-10-25 00:34:35,355 INFO    SenderThread:2716 [file_pusher.py:join():173] waiting for file pusher
2022-10-25 00:34:35,372 INFO    MainThread:2716 [internal.py:handle_exit():78] Internal process exited
